This file contains any messages produced by compilers while
running configure, to aid debugging if configure makes a mistake.

It was created by fgr+ configure 0.0.0.1, which was
generated by GNU Autoconf 2.69.  Invocation command line was

  $ ./configure 

## --------- ##
## Platform. ##
## --------- ##

hostname = cancer
uname -m = x86_64
uname -r = 4.14.15-core
uname -s = Linux
uname -v = #7 SMP Wed Jan 31 15:18:03 CST 2018

/usr/bin/uname -p = Intel(R) Core(TM) i5-2450M CPU @ 2.50GHz
/bin/uname -X     = unknown

/bin/arch              = unknown
/usr/bin/arch -k       = unknown
/usr/convex/getsysinfo = unknown
/usr/bin/hostinfo      = unknown
/bin/machine           = unknown
/usr/bin/oslevel       = unknown
/bin/universe          = unknown

PATH: /usr/local/bin
PATH: /home/edscott/bin
PATH: /usr/x86_64-pc-linux-gnu/gcc-bin/6.4.0
PATH: /usr/lib/llvm/5/bin
PATH: /usr/local/bin
PATH: /usr/bin
PATH: /bin
PATH: /opt/bin
PATH: /usr/sbin
PATH: /sbin
PATH: /usr/sbin
PATH: /sbin


## ----------- ##
## Core tests. ##
## ----------- ##

configure:2510: checking build system type
configure:2524: result: x86_64-unknown-linux-gnu
configure:2544: checking host system type
configure:2557: result: x86_64-unknown-linux-gnu
configure:2598: checking how to print strings
configure:2625: result: printf
configure:2697: checking for gcc
configure:2713: found /usr/x86_64-pc-linux-gnu/gcc-bin/6.4.0/gcc
configure:2724: result: gcc
configure:2953: checking for C compiler version
configure:2962: gcc --version >&5
gcc (Gentoo 6.4.0-r1 p1.3) 6.4.0
Copyright (C) 2017 Free Software Foundation, Inc.
This is free software; see the source for copying conditions.  There is NO
warranty; not even for MERCHANTABILITY or FITNESS FOR A PARTICULAR PURPOSE.

configure:2973: $? = 0
configure:2962: gcc -v >&5
Using built-in specs.
COLLECT_GCC=gcc
COLLECT_LTO_WRAPPER=/usr/libexec/gcc/x86_64-pc-linux-gnu/6.4.0/lto-wrapper
Target: x86_64-pc-linux-gnu
Configured with: /var/tmp/portage/sys-devel/gcc-6.4.0-r1/work/gcc-6.4.0/configure --host=x86_64-pc-linux-gnu --build=x86_64-pc-linux-gnu --prefix=/usr --bindir=/usr/x86_64-pc-linux-gnu/gcc-bin/6.4.0 --includedir=/usr/lib/gcc/x86_64-pc-linux-gnu/6.4.0/include --datadir=/usr/share/gcc-data/x86_64-pc-linux-gnu/6.4.0 --mandir=/usr/share/gcc-data/x86_64-pc-linux-gnu/6.4.0/man --infodir=/usr/share/gcc-data/x86_64-pc-linux-gnu/6.4.0/info --with-gxx-include-dir=/usr/lib/gcc/x86_64-pc-linux-gnu/6.4.0/include/g++-v6 --with-python-dir=/share/gcc-data/x86_64-pc-linux-gnu/6.4.0/python --enable-languages=c,c++,fortran --enable-obsolete --enable-secureplt --disable-werror --with-system-zlib --enable-nls --without-included-gettext --enable-checking=release --with-bugurl=https://bugs.gentoo.org/ --with-pkgversion='Gentoo 6.4.0-r1 p1.3' --disable-esp --enable-libstdcxx-time --enable-shared --enable-threads=posix --enable-__cxa_atexit --enable-clocale=gnu --enable-multilib --with-multilib-list=m32,m64 --disable-altivec --disable-fixed-point --enable-targets=all --disable-libgcj --enable-libgomp --disable-libmudflap --disable-libssp --disable-libcilkrts --disable-libmpx --enable-vtable-verify --enable-libvtv --enable-lto --without-isl --enable-libsanitizer --enable-default-pie --enable-default-ssp
Thread model: posix
gcc version 6.4.0 (Gentoo 6.4.0-r1 p1.3) 
configure:2973: $? = 0
configure:2962: gcc -V >&5
gcc: error: unrecognized command line option '-V'
gcc: fatal error: no input files
compilation terminated.
configure:2973: $? = 1
configure:2962: gcc -qversion >&5
gcc: error: unrecognized command line option '-qversion'; did you mean '--version'?
gcc: fatal error: no input files
compilation terminated.
configure:2973: $? = 1
configure:2993: checking whether the C compiler works
configure:3015: gcc    conftest.c  >&5
configure:3019: $? = 0
configure:3067: result: yes
configure:3070: checking for C compiler default output file name
configure:3072: result: a.out
configure:3078: checking for suffix of executables
configure:3085: gcc -o conftest    conftest.c  >&5
configure:3089: $? = 0
configure:3111: result: 
configure:3133: checking whether we are cross compiling
configure:3141: gcc -o conftest    conftest.c  >&5
configure:3145: $? = 0
configure:3152: ./conftest
configure:3156: $? = 0
configure:3171: result: no
configure:3176: checking for suffix of object files
configure:3198: gcc -c   conftest.c >&5
configure:3202: $? = 0
configure:3223: result: o
configure:3227: checking whether we are using the GNU C compiler
configure:3246: gcc -c   conftest.c >&5
configure:3246: $? = 0
configure:3255: result: yes
configure:3264: checking whether gcc accepts -g
configure:3284: gcc -c -g  conftest.c >&5
configure:3284: $? = 0
configure:3325: result: yes
configure:3342: checking for gcc option to accept ISO C89
configure:3405: gcc  -c -g -O2  conftest.c >&5
configure:3405: $? = 0
configure:3418: result: none needed
configure:3443: checking whether gcc understands -c and -o together
configure:3465: gcc -c conftest.c -o conftest2.o
configure:3468: $? = 0
configure:3465: gcc -c conftest.c -o conftest2.o
configure:3468: $? = 0
configure:3480: result: yes
configure:3497: checking for a sed that does not truncate output
configure:3561: result: /bin/sed
configure:3579: checking for grep that handles long lines and -e
configure:3637: result: /bin/grep
configure:3642: checking for egrep
configure:3704: result: /bin/grep -E
configure:3709: checking for fgrep
configure:3771: result: /bin/grep -F
configure:3806: checking for ld used by gcc
configure:3873: result: /usr/x86_64-pc-linux-gnu/bin/ld
configure:3880: checking if the linker (/usr/x86_64-pc-linux-gnu/bin/ld) is GNU ld
configure:3895: result: yes
configure:3907: checking for BSD- or MS-compatible name lister (nm)
configure:3961: result: /usr/bin/nm -B
configure:4091: checking the name lister (/usr/bin/nm -B) interface
configure:4098: gcc -c -g -O2  conftest.c >&5
configure:4101: /usr/bin/nm -B "conftest.o"
configure:4104: output
0000000000000000 B some_variable
configure:4111: result: BSD nm
configure:4114: checking whether ln -s works
configure:4118: result: yes
configure:4126: checking the maximum length of command line arguments
configure:4257: result: 1572864
configure:4305: checking how to convert x86_64-unknown-linux-gnu file names to x86_64-unknown-linux-gnu format
configure:4345: result: func_convert_file_noop
configure:4352: checking how to convert x86_64-unknown-linux-gnu file names to toolchain format
configure:4372: result: func_convert_file_noop
configure:4379: checking for /usr/x86_64-pc-linux-gnu/bin/ld option to reload object files
configure:4386: result: -r
configure:4460: checking for objdump
configure:4476: found /usr/bin/objdump
configure:4487: result: objdump
configure:4519: checking how to recognize dependent libraries
configure:4719: result: pass_all
configure:4804: checking for dlltool
configure:4834: result: no
configure:4864: checking how to associate runtime and link libraries
configure:4891: result: printf %s\n
configure:4952: checking for ar
configure:4968: found /usr/bin/ar
configure:4979: result: ar
configure:5016: checking for archiver @FILE support
configure:5033: gcc -c -g -O2  conftest.c >&5
configure:5033: $? = 0
configure:5036: ar cru libconftest.a @conftest.lst >&5
configure:5039: $? = 0
configure:5044: ar cru libconftest.a @conftest.lst >&5
ar: conftest.o: No such file or directory
configure:5047: $? = 1
configure:5059: result: @
configure:5117: checking for strip
configure:5133: found /usr/bin/strip
configure:5144: result: strip
configure:5216: checking for ranlib
configure:5232: found /usr/bin/ranlib
configure:5243: result: ranlib
configure:5320: checking for gawk
configure:5336: found /usr/bin/gawk
configure:5347: result: gawk
configure:5387: checking command to parse /usr/bin/nm -B output from gcc object
configure:5540: gcc -c -g -O2  conftest.c >&5
configure:5543: $? = 0
configure:5547: /usr/bin/nm -B conftest.o \| sed -n -e 's/^.*[ ]\([ABCDGIRSTW][ABCDGIRSTW]*\)[ ][ ]*\([_A-Za-z][_A-Za-z0-9]*\)$/\1 \2 \2/p' | sed '/ __gnu_lto/d' \> conftest.nm
configure:5550: $? = 0
configure:5616: gcc -o conftest -g -O2   conftest.c conftstm.o >&5
configure:5619: $? = 0
configure:5657: result: ok
configure:5704: checking for sysroot
configure:5734: result: no
configure:5741: checking for a working dd
configure:5779: result: /bin/dd
configure:5783: checking how to truncate binary pipes
configure:5798: result: /bin/dd bs=4096 count=1
configure:5934: gcc -c -g -O2  conftest.c >&5
configure:5937: $? = 0
configure:6127: checking for mt
configure:6157: result: no
configure:6177: checking if : is a manifest tool
configure:6183: : '-?'
configure:6191: result: no
configure:6868: checking how to run the C preprocessor
configure:6899: gcc -E  conftest.c
configure:6899: $? = 0
configure:6913: gcc -E  conftest.c
conftest.c:9:28: fatal error: ac_nonexistent.h: No such file or directory
 #include <ac_nonexistent.h>
                            ^
compilation terminated.
configure:6913: $? = 1
configure: failed program was:
| /* confdefs.h */
| #define PACKAGE_NAME "fgr+"
| #define PACKAGE_TARNAME "fgr+"
| #define PACKAGE_VERSION "0.0.0.1"
| #define PACKAGE_STRING "fgr+ 0.0.0.1"
| #define PACKAGE_BUGREPORT "https://sourceforge.net/p/xffm/bugs/milestone/rodent-fgr/"
| #define PACKAGE_URL ""http://xffm.org/""
| /* end confdefs.h.  */
| #include <ac_nonexistent.h>
configure:6938: result: gcc -E
configure:6958: gcc -E  conftest.c
configure:6958: $? = 0
configure:6972: gcc -E  conftest.c
conftest.c:9:28: fatal error: ac_nonexistent.h: No such file or directory
 #include <ac_nonexistent.h>
                            ^
compilation terminated.
configure:6972: $? = 1
configure: failed program was:
| /* confdefs.h */
| #define PACKAGE_NAME "fgr+"
| #define PACKAGE_TARNAME "fgr+"
| #define PACKAGE_VERSION "0.0.0.1"
| #define PACKAGE_STRING "fgr+ 0.0.0.1"
| #define PACKAGE_BUGREPORT "https://sourceforge.net/p/xffm/bugs/milestone/rodent-fgr/"
| #define PACKAGE_URL ""http://xffm.org/""
| /* end confdefs.h.  */
| #include <ac_nonexistent.h>
configure:7001: checking for ANSI C header files
configure:7021: gcc -c -g -O2  conftest.c >&5
configure:7021: $? = 0
configure:7094: gcc -o conftest -g -O2   conftest.c  >&5
configure:7094: $? = 0
configure:7094: ./conftest
configure:7094: $? = 0
configure:7105: result: yes
configure:7118: checking for sys/types.h
configure:7118: gcc -c -g -O2  conftest.c >&5
configure:7118: $? = 0
configure:7118: result: yes
configure:7118: checking for sys/stat.h
configure:7118: gcc -c -g -O2  conftest.c >&5
configure:7118: $? = 0
configure:7118: result: yes
configure:7118: checking for stdlib.h
configure:7118: gcc -c -g -O2  conftest.c >&5
configure:7118: $? = 0
configure:7118: result: yes
configure:7118: checking for string.h
configure:7118: gcc -c -g -O2  conftest.c >&5
configure:7118: $? = 0
configure:7118: result: yes
configure:7118: checking for memory.h
configure:7118: gcc -c -g -O2  conftest.c >&5
configure:7118: $? = 0
configure:7118: result: yes
configure:7118: checking for strings.h
configure:7118: gcc -c -g -O2  conftest.c >&5
configure:7118: $? = 0
configure:7118: result: yes
configure:7118: checking for inttypes.h
configure:7118: gcc -c -g -O2  conftest.c >&5
configure:7118: $? = 0
configure:7118: result: yes
configure:7118: checking for stdint.h
configure:7118: gcc -c -g -O2  conftest.c >&5
configure:7118: $? = 0
configure:7118: result: yes
configure:7118: checking for unistd.h
configure:7118: gcc -c -g -O2  conftest.c >&5
configure:7118: $? = 0
configure:7118: result: yes
configure:7132: checking for dlfcn.h
configure:7132: gcc -c -g -O2  conftest.c >&5
configure:7132: $? = 0
configure:7132: result: yes
configure:7387: checking for objdir
configure:7402: result: .libs
configure:7666: checking if gcc supports -fno-rtti -fno-exceptions
configure:7684: gcc -c -g -O2  -fno-rtti -fno-exceptions conftest.c >&5
cc1: warning: command line option '-fno-rtti' is valid for C++/ObjC++ but not for C
configure:7688: $? = 0
configure:7701: result: no
configure:8059: checking for gcc option to produce PIC
configure:8066: result: -fPIC -DPIC
configure:8074: checking if gcc PIC flag -fPIC -DPIC works
configure:8092: gcc -c -g -O2  -fPIC -DPIC -DPIC conftest.c >&5
configure:8096: $? = 0
configure:8109: result: yes
configure:8138: checking if gcc static flag -static works
configure:8166: result: yes
configure:8181: checking if gcc supports -c -o file.o
configure:8202: gcc -c -g -O2  -o out/conftest2.o conftest.c >&5
configure:8206: $? = 0
configure:8228: result: yes
configure:8236: checking if gcc supports -c -o file.o
configure:8283: result: yes
configure:8316: checking whether the gcc linker (/usr/x86_64-pc-linux-gnu/bin/ld -m elf_x86_64) supports shared libraries
configure:9575: result: yes
configure:9612: checking whether -lc should be explicitly linked in
configure:9620: gcc -c -g -O2  conftest.c >&5
configure:9623: $? = 0
configure:9638: gcc -shared  -fPIC -DPIC conftest.o  -v -Wl,-soname -Wl,conftest -o conftest 2\>\&1 \| /bin/grep  -lc  \>/dev/null 2\>\&1
configure:9641: $? = 0
configure:9655: result: no
configure:9815: checking dynamic linker characteristics
configure:10409: gcc -o conftest -g -O2   -Wl,-rpath -Wl,/foo conftest.c  >&5
configure:10409: $? = 0
configure:10646: result: GNU/Linux ld.so
configure:10768: checking how to hardcode library paths into programs
configure:10793: result: immediate
configure:11341: checking whether stripping libraries is possible
configure:11346: result: yes
configure:11381: checking if libtool supports shared libraries
configure:11383: result: yes
configure:11386: checking whether to build shared libraries
configure:11411: result: yes
configure:11414: checking whether to build static libraries
configure:11418: result: no
configure:11513: checking for g++
configure:11529: found /usr/x86_64-pc-linux-gnu/gcc-bin/6.4.0/g++
configure:11540: result: g++
configure:11567: checking for C++ compiler version
configure:11576: g++ --version >&5
g++ (Gentoo 6.4.0-r1 p1.3) 6.4.0
Copyright (C) 2017 Free Software Foundation, Inc.
This is free software; see the source for copying conditions.  There is NO
warranty; not even for MERCHANTABILITY or FITNESS FOR A PARTICULAR PURPOSE.

configure:11587: $? = 0
configure:11576: g++ -v >&5
Using built-in specs.
COLLECT_GCC=g++
COLLECT_LTO_WRAPPER=/usr/libexec/gcc/x86_64-pc-linux-gnu/6.4.0/lto-wrapper
Target: x86_64-pc-linux-gnu
Configured with: /var/tmp/portage/sys-devel/gcc-6.4.0-r1/work/gcc-6.4.0/configure --host=x86_64-pc-linux-gnu --build=x86_64-pc-linux-gnu --prefix=/usr --bindir=/usr/x86_64-pc-linux-gnu/gcc-bin/6.4.0 --includedir=/usr/lib/gcc/x86_64-pc-linux-gnu/6.4.0/include --datadir=/usr/share/gcc-data/x86_64-pc-linux-gnu/6.4.0 --mandir=/usr/share/gcc-data/x86_64-pc-linux-gnu/6.4.0/man --infodir=/usr/share/gcc-data/x86_64-pc-linux-gnu/6.4.0/info --with-gxx-include-dir=/usr/lib/gcc/x86_64-pc-linux-gnu/6.4.0/include/g++-v6 --with-python-dir=/share/gcc-data/x86_64-pc-linux-gnu/6.4.0/python --enable-languages=c,c++,fortran --enable-obsolete --enable-secureplt --disable-werror --with-system-zlib --enable-nls --without-included-gettext --enable-checking=release --with-bugurl=https://bugs.gentoo.org/ --with-pkgversion='Gentoo 6.4.0-r1 p1.3' --disable-esp --enable-libstdcxx-time --enable-shared --enable-threads=posix --enable-__cxa_atexit --enable-clocale=gnu --enable-multilib --with-multilib-list=m32,m64 --disable-altivec --disable-fixed-point --enable-targets=all --disable-libgcj --enable-libgomp --disable-libmudflap --disable-libssp --disable-libcilkrts --disable-libmpx --enable-vtable-verify --enable-libvtv --enable-lto --without-isl --enable-libsanitizer --enable-default-pie --enable-default-ssp
Thread model: posix
gcc version 6.4.0 (Gentoo 6.4.0-r1 p1.3) 
configure:11587: $? = 0
configure:11576: g++ -V >&5
g++: error: unrecognized command line option '-V'
g++: fatal error: no input files
compilation terminated.
configure:11587: $? = 1
configure:11576: g++ -qversion >&5
g++: error: unrecognized command line option '-qversion'; did you mean '--version'?
g++: fatal error: no input files
compilation terminated.
configure:11587: $? = 1
configure:11591: checking whether we are using the GNU C++ compiler
configure:11610: g++ -c   conftest.cpp >&5
configure:11610: $? = 0
configure:11619: result: yes
configure:11628: checking whether g++ accepts -g
configure:11648: g++ -c -g  conftest.cpp >&5
configure:11648: $? = 0
configure:11689: result: yes
configure:11730: checking how to run the C++ preprocessor
configure:11757: g++ -E  conftest.cpp
configure:11757: $? = 0
configure:11771: g++ -E  conftest.cpp
conftest.cpp:21:28: fatal error: ac_nonexistent.h: No such file or directory
 #include <ac_nonexistent.h>
                            ^
compilation terminated.
configure:11771: $? = 1
configure: failed program was:
| /* confdefs.h */
| #define PACKAGE_NAME "fgr+"
| #define PACKAGE_TARNAME "fgr+"
| #define PACKAGE_VERSION "0.0.0.1"
| #define PACKAGE_STRING "fgr+ 0.0.0.1"
| #define PACKAGE_BUGREPORT "https://sourceforge.net/p/xffm/bugs/milestone/rodent-fgr/"
| #define PACKAGE_URL ""http://xffm.org/""
| #define STDC_HEADERS 1
| #define HAVE_SYS_TYPES_H 1
| #define HAVE_SYS_STAT_H 1
| #define HAVE_STDLIB_H 1
| #define HAVE_STRING_H 1
| #define HAVE_MEMORY_H 1
| #define HAVE_STRINGS_H 1
| #define HAVE_INTTYPES_H 1
| #define HAVE_STDINT_H 1
| #define HAVE_UNISTD_H 1
| #define HAVE_DLFCN_H 1
| #define LT_OBJDIR ".libs/"
| /* end confdefs.h.  */
| #include <ac_nonexistent.h>
configure:11796: result: g++ -E
configure:11816: g++ -E  conftest.cpp
configure:11816: $? = 0
configure:11830: g++ -E  conftest.cpp
conftest.cpp:21:28: fatal error: ac_nonexistent.h: No such file or directory
 #include <ac_nonexistent.h>
                            ^
compilation terminated.
configure:11830: $? = 1
configure: failed program was:
| /* confdefs.h */
| #define PACKAGE_NAME "fgr+"
| #define PACKAGE_TARNAME "fgr+"
| #define PACKAGE_VERSION "0.0.0.1"
| #define PACKAGE_STRING "fgr+ 0.0.0.1"
| #define PACKAGE_BUGREPORT "https://sourceforge.net/p/xffm/bugs/milestone/rodent-fgr/"
| #define PACKAGE_URL ""http://xffm.org/""
| #define STDC_HEADERS 1
| #define HAVE_SYS_TYPES_H 1
| #define HAVE_SYS_STAT_H 1
| #define HAVE_STDLIB_H 1
| #define HAVE_STRING_H 1
| #define HAVE_MEMORY_H 1
| #define HAVE_STRINGS_H 1
| #define HAVE_INTTYPES_H 1
| #define HAVE_STDINT_H 1
| #define HAVE_UNISTD_H 1
| #define HAVE_DLFCN_H 1
| #define LT_OBJDIR ".libs/"
| /* end confdefs.h.  */
| #include <ac_nonexistent.h>
configure:11992: checking for ld used by g++
configure:12059: result: /usr/x86_64-pc-linux-gnu/bin/ld -m elf_x86_64
configure:12066: checking if the linker (/usr/x86_64-pc-linux-gnu/bin/ld -m elf_x86_64) is GNU ld
configure:12081: result: yes
configure:12136: checking whether the g++ linker (/usr/x86_64-pc-linux-gnu/bin/ld -m elf_x86_64) supports shared libraries
configure:13209: result: yes
configure:13245: g++ -c -g -O2  conftest.cpp >&5
configure:13248: $? = 0
configure:13729: checking for g++ option to produce PIC
configure:13736: result: -fPIC -DPIC
configure:13744: checking if g++ PIC flag -fPIC -DPIC works
configure:13762: g++ -c -g -O2  -fPIC -DPIC -DPIC conftest.cpp >&5
configure:13766: $? = 0
configure:13779: result: yes
configure:13802: checking if g++ static flag -static works
configure:13830: result: yes
configure:13842: checking if g++ supports -c -o file.o
configure:13863: g++ -c -g -O2  -o out/conftest2.o conftest.cpp >&5
configure:13867: $? = 0
configure:13889: result: yes
configure:13894: checking if g++ supports -c -o file.o
configure:13941: result: yes
configure:13971: checking whether the g++ linker (/usr/x86_64-pc-linux-gnu/bin/ld -m elf_x86_64) supports shared libraries
configure:14011: result: yes
configure:14152: checking dynamic linker characteristics
configure:14910: result: GNU/Linux ld.so
configure:14975: checking how to hardcode library paths into programs
configure:15000: result: immediate
configure:15049: checking for pkg-config
configure:15067: found /usr/bin/pkg-config
configure:15080: result: /usr/bin/pkg-config
configure:15102: checking for pkg-config >= 0.9.0
configure:15106: result: 0.29.2
configure:15123: checking for tubo >= 5.0.13
configure:15127: result: 5.0.16
configure:15130: checking TUBO_CFLAGS
configure:15133: result: -I/usr/local/include
configure:15136: checking TUBO_LIBS
configure:15139: result: -L/usr/local/lib -lpthread -lrt -ltubo
configure:15261: checking for gtk+-3.0 >= 3.22.19
configure:15265: result: 3.22.19
configure:15268: checking GTK_CFLAGS
configure:15271: result: -pthread -I/usr/include/gtk-3.0 -I/usr/include/at-spi2-atk/2.0 -I/usr/include/at-spi-2.0 -I/usr/include/dbus-1.0 -I/usr/lib64/dbus-1.0/include -I/usr/include/gtk-3.0 -I/usr/include/gio-unix-2.0/ -I/usr/include/cairo -I/usr/include/pango-1.0 -I/usr/include/harfbuzz -I/usr/include/pango-1.0 -I/usr/include/atk-1.0 -I/usr/include/cairo -I/usr/include/pixman-1 -I/usr/include/freetype2 -I/usr/include/libdrm -I/usr/include/libpng16 -I/usr/include/gdk-pixbuf-2.0 -I/usr/include/libpng16 -I/usr/include/glib-2.0 -I/usr/lib64/glib-2.0/include
configure:15274: checking GTK_LIBS
configure:15277: result: -lgtk-3 -lgdk-3 -lpangocairo-1.0 -lpango-1.0 -latk-1.0 -lcairo-gobject -lcairo -lgdk_pixbuf-2.0 -lgio-2.0 -lgobject-2.0 -lglib-2.0
configure:15376: checking for a BSD-compatible install
configure:15444: result: /usr/bin/install -c
configure:15455: checking whether build environment is sane
configure:15510: result: yes
configure:15658: checking for a thread-safe mkdir -p
configure:15697: result: /bin/mkdir -p
configure:15700: checking whether make sets $(MAKE)
configure:15722: result: yes
configure:15752: checking for style of include used by make
configure:15780: result: GNU
configure:15814: checking whether make supports nested variables
configure:15831: result: yes
configure:15916: checking dependency style of gcc
configure:16027: result: gcc3
configure:16044: checking dependency style of g++
configure:16155: result: gcc3
configure:16224: checking whether make supports nested variables
configure:16241: result: yes
configure:16254: checking whether to enable maintainer-specific portions of Makefiles
configure:16263: result: no
configure:16299: checking for library containing strerror
configure:16330: gcc -o conftest -g -O2   conftest.c  >&5
configure:16330: $? = 0
configure:16347: result: none required
configure:16404: checking for gcc
configure:16431: result: gcc
configure:16660: checking for C compiler version
configure:16669: gcc --version >&5
gcc (Gentoo 6.4.0-r1 p1.3) 6.4.0
Copyright (C) 2017 Free Software Foundation, Inc.
This is free software; see the source for copying conditions.  There is NO
warranty; not even for MERCHANTABILITY or FITNESS FOR A PARTICULAR PURPOSE.

configure:16680: $? = 0
configure:16669: gcc -v >&5
Using built-in specs.
COLLECT_GCC=gcc
COLLECT_LTO_WRAPPER=/usr/libexec/gcc/x86_64-pc-linux-gnu/6.4.0/lto-wrapper
Target: x86_64-pc-linux-gnu
Configured with: /var/tmp/portage/sys-devel/gcc-6.4.0-r1/work/gcc-6.4.0/configure --host=x86_64-pc-linux-gnu --build=x86_64-pc-linux-gnu --prefix=/usr --bindir=/usr/x86_64-pc-linux-gnu/gcc-bin/6.4.0 --includedir=/usr/lib/gcc/x86_64-pc-linux-gnu/6.4.0/include --datadir=/usr/share/gcc-data/x86_64-pc-linux-gnu/6.4.0 --mandir=/usr/share/gcc-data/x86_64-pc-linux-gnu/6.4.0/man --infodir=/usr/share/gcc-data/x86_64-pc-linux-gnu/6.4.0/info --with-gxx-include-dir=/usr/lib/gcc/x86_64-pc-linux-gnu/6.4.0/include/g++-v6 --with-python-dir=/share/gcc-data/x86_64-pc-linux-gnu/6.4.0/python --enable-languages=c,c++,fortran --enable-obsolete --enable-secureplt --disable-werror --with-system-zlib --enable-nls --without-included-gettext --enable-checking=release --with-bugurl=https://bugs.gentoo.org/ --with-pkgversion='Gentoo 6.4.0-r1 p1.3' --disable-esp --enable-libstdcxx-time --enable-shared --enable-threads=posix --enable-__cxa_atexit --enable-clocale=gnu --enable-multilib --with-multilib-list=m32,m64 --disable-altivec --disable-fixed-point --enable-targets=all --disable-libgcj --enable-libgomp --disable-libmudflap --disable-libssp --disable-libcilkrts --disable-libmpx --enable-vtable-verify --enable-libvtv --enable-lto --without-isl --enable-libsanitizer --enable-default-pie --enable-default-ssp
Thread model: posix
gcc version 6.4.0 (Gentoo 6.4.0-r1 p1.3) 
configure:16680: $? = 0
configure:16669: gcc -V >&5
gcc: error: unrecognized command line option '-V'
gcc: fatal error: no input files
compilation terminated.
configure:16680: $? = 1
configure:16669: gcc -qversion >&5
gcc: error: unrecognized command line option '-qversion'; did you mean '--version'?
gcc: fatal error: no input files
compilation terminated.
configure:16680: $? = 1
configure:16684: checking whether we are using the GNU C compiler
configure:16712: result: yes
configure:16721: checking whether gcc accepts -g
configure:16782: result: yes
configure:16799: checking for gcc option to accept ISO C89
configure:16875: result: none needed
configure:16900: checking whether gcc understands -c and -o together
configure:16937: result: yes
configure:16958: checking whether NLS is requested
configure:16967: result: yes
configure:16995: checking for intltool-update
configure:17013: found /usr/bin/intltool-update
configure:17025: result: /usr/bin/intltool-update
configure:17035: checking for intltool-merge
configure:17053: found /usr/bin/intltool-merge
configure:17065: result: /usr/bin/intltool-merge
configure:17075: checking for intltool-extract
configure:17093: found /usr/bin/intltool-extract
configure:17105: result: /usr/bin/intltool-extract
configure:17259: checking for xgettext
configure:17277: found /usr/bin/xgettext
configure:17289: result: /usr/bin/xgettext
configure:17299: checking for msgmerge
configure:17317: found /usr/bin/msgmerge
configure:17329: result: /usr/bin/msgmerge
configure:17339: checking for msgfmt
configure:17357: found /usr/bin/msgfmt
configure:17369: result: /usr/bin/msgfmt
configure:17379: checking for gmsgfmt
configure:17397: found /usr/bin/gmsgfmt
configure:17410: result: /usr/bin/gmsgfmt
configure:17430: checking for perl
configure:17448: found /usr/bin/perl
configure:17460: result: /usr/bin/perl
configure:17471: checking for perl >= 5.8.1
configure:17478: result: 5.24.3
configure:17482: checking for XML::Parser
configure:17485: result: ok
configure:17498: checking whether make sets $(MAKE)
configure:17520: result: yes
configure:17530: checking whether sys/types.h defines makedev
configure:17546: gcc -o conftest -g -O2   conftest.c  >&5
conftest.c: In function 'main':
conftest.c:32:13: warning: In the GNU C Library, "makedev" is defined
 by <sys/sysmacros.h>. For historical compatibility, it is
 currently defined by <sys/types.h> as well, but we plan to
 remove this soon. To use "makedev", include <sys/sysmacros.h>
 directly. If you did not intend to use a system-defined macro
 "makedev", you should undefine it after including <sys/types.h>.
 return makedev(0, 0);
             ^~~~~~~~~                                                                                                                                                                                                                                                                                                                                                                     
configure:17546: $? = 0
configure:17555: result: yes
configure:17580: checking for ANSI C header files
configure:17684: result: yes
configure:17696: checking stdarg.h usability
configure:17696: gcc -c -g -O2  conftest.c >&5
configure:17696: $? = 0
configure:17696: result: yes
configure:17696: checking stdarg.h presence
configure:17696: gcc -E  conftest.c
configure:17696: $? = 0
configure:17696: result: yes
configure:17696: checking for stdarg.h
configure:17696: result: yes
configure:17696: checking varargs.h usability
configure:17696: gcc -c -g -O2  conftest.c >&5
In file included from conftest.c:63:0:
/usr/lib/gcc/x86_64-pc-linux-gnu/6.4.0/include/varargs.h:4:2: error: #error "GCC no longer implements <varargs.h>."
 #error "GCC no longer implements <varargs.h>."
  ^~~~~
/usr/lib/gcc/x86_64-pc-linux-gnu/6.4.0/include/varargs.h:5:2: error: #error "Revise your code to use <stdarg.h>."
 #error "Revise your code to use <stdarg.h>."
  ^~~~~
configure:17696: $? = 1
configure: failed program was:
| /* confdefs.h */
| #define PACKAGE_NAME "fgr+"
| #define PACKAGE_TARNAME "fgr+"
| #define PACKAGE_VERSION "0.0.0.1"
| #define PACKAGE_STRING "fgr+ 0.0.0.1"
| #define PACKAGE_BUGREPORT "https://sourceforge.net/p/xffm/bugs/milestone/rodent-fgr/"
| #define PACKAGE_URL ""http://xffm.org/""
| #define STDC_HEADERS 1
| #define HAVE_SYS_TYPES_H 1
| #define HAVE_SYS_STAT_H 1
| #define HAVE_STDLIB_H 1
| #define HAVE_STRING_H 1
| #define HAVE_MEMORY_H 1
| #define HAVE_STRINGS_H 1
| #define HAVE_INTTYPES_H 1
| #define HAVE_STDINT_H 1
| #define HAVE_UNISTD_H 1
| #define HAVE_DLFCN_H 1
| #define LT_OBJDIR ".libs/"
| #define _GNU_SOURCE 1
| #define COPYRIGHT "Copyright (c) 2000-2018 Edscott Wilson Garcia. <edscott@users.sf.net>"
| #define PACKAGE_COPYRIGHT "Copyright (c) 2000-2018 Edscott Wilson Garcia. <edscott@users.sf.net>"
| #define PACKAGE "fgr+"
| #define VERSION "0.0.0.1"
| #define LICENSE "  GNU General Public License version 3  "
| #define BUGMAIL "https://sourceforge.net/p/xffm/bugs/milestone/rodent-fgr/"
| #define STDC_HEADERS 1
| #define HAVE_STDARG_H 1
| /* end confdefs.h.  */
| #include <stdio.h>
| #ifdef HAVE_SYS_TYPES_H
| # include <sys/types.h>
| #endif
| #ifdef HAVE_SYS_STAT_H
| # include <sys/stat.h>
| #endif
| #ifdef STDC_HEADERS
| # include <stdlib.h>
| # include <stddef.h>
| #else
| # ifdef HAVE_STDLIB_H
| #  include <stdlib.h>
| # endif
| #endif
| #ifdef HAVE_STRING_H
| # if !defined STDC_HEADERS && defined HAVE_MEMORY_H
| #  include <memory.h>
| # endif
| # include <string.h>
| #endif
| #ifdef HAVE_STRINGS_H
| # include <strings.h>
| #endif
| #ifdef HAVE_INTTYPES_H
| # include <inttypes.h>
| #endif
| #ifdef HAVE_STDINT_H
| # include <stdint.h>
| #endif
| #ifdef HAVE_UNISTD_H
| # include <unistd.h>
| #endif
| #include <varargs.h>
configure:17696: result: no
configure:17696: checking varargs.h presence
configure:17696: gcc -E  conftest.c
In file included from conftest.c:30:0:
/usr/lib/gcc/x86_64-pc-linux-gnu/6.4.0/include/varargs.h:4:2: error: #error "GCC no longer implements <varargs.h>."
 #error "GCC no longer implements <varargs.h>."
  ^~~~~
/usr/lib/gcc/x86_64-pc-linux-gnu/6.4.0/include/varargs.h:5:2: error: #error "Revise your code to use <stdarg.h>."
 #error "Revise your code to use <stdarg.h>."
  ^~~~~
configure:17696: $? = 1
configure: failed program was:
| /* confdefs.h */
| #define PACKAGE_NAME "fgr+"
| #define PACKAGE_TARNAME "fgr+"
| #define PACKAGE_VERSION "0.0.0.1"
| #define PACKAGE_STRING "fgr+ 0.0.0.1"
| #define PACKAGE_BUGREPORT "https://sourceforge.net/p/xffm/bugs/milestone/rodent-fgr/"
| #define PACKAGE_URL ""http://xffm.org/""
| #define STDC_HEADERS 1
| #define HAVE_SYS_TYPES_H 1
| #define HAVE_SYS_STAT_H 1
| #define HAVE_STDLIB_H 1
| #define HAVE_STRING_H 1
| #define HAVE_MEMORY_H 1
| #define HAVE_STRINGS_H 1
| #define HAVE_INTTYPES_H 1
| #define HAVE_STDINT_H 1
| #define HAVE_UNISTD_H 1
| #define HAVE_DLFCN_H 1
| #define LT_OBJDIR ".libs/"
| #define _GNU_SOURCE 1
| #define COPYRIGHT "Copyright (c) 2000-2018 Edscott Wilson Garcia. <edscott@users.sf.net>"
| #define PACKAGE_COPYRIGHT "Copyright (c) 2000-2018 Edscott Wilson Garcia. <edscott@users.sf.net>"
| #define PACKAGE "fgr+"
| #define VERSION "0.0.0.1"
| #define LICENSE "  GNU General Public License version 3  "
| #define BUGMAIL "https://sourceforge.net/p/xffm/bugs/milestone/rodent-fgr/"
| #define STDC_HEADERS 1
| #define HAVE_STDARG_H 1
| /* end confdefs.h.  */
| #include <varargs.h>
configure:17696: result: no
configure:17696: checking for varargs.h
configure:17696: result: no
configure:17696: checking features.h usability
configure:17696: gcc -c -g -O2  conftest.c >&5
configure:17696: $? = 0
configure:17696: result: yes
configure:17696: checking features.h presence
configure:17696: gcc -E  conftest.c
configure:17696: $? = 0
configure:17696: result: yes
configure:17696: checking for features.h
configure:17696: result: yes
configure:17696: checking rodent.h usability
configure:17696: gcc -c -g -O2  conftest.c >&5
conftest.c:64:20: fatal error: rodent.h: No such file or directory
 #include <rodent.h>
                    ^
compilation terminated.
configure:17696: $? = 1
configure: failed program was:
| /* confdefs.h */
| #define PACKAGE_NAME "fgr+"
| #define PACKAGE_TARNAME "fgr+"
| #define PACKAGE_VERSION "0.0.0.1"
| #define PACKAGE_STRING "fgr+ 0.0.0.1"
| #define PACKAGE_BUGREPORT "https://sourceforge.net/p/xffm/bugs/milestone/rodent-fgr/"
| #define PACKAGE_URL ""http://xffm.org/""
| #define STDC_HEADERS 1
| #define HAVE_SYS_TYPES_H 1
| #define HAVE_SYS_STAT_H 1
| #define HAVE_STDLIB_H 1
| #define HAVE_STRING_H 1
| #define HAVE_MEMORY_H 1
| #define HAVE_STRINGS_H 1
| #define HAVE_INTTYPES_H 1
| #define HAVE_STDINT_H 1
| #define HAVE_UNISTD_H 1
| #define HAVE_DLFCN_H 1
| #define LT_OBJDIR ".libs/"
| #define _GNU_SOURCE 1
| #define COPYRIGHT "Copyright (c) 2000-2018 Edscott Wilson Garcia. <edscott@users.sf.net>"
| #define PACKAGE_COPYRIGHT "Copyright (c) 2000-2018 Edscott Wilson Garcia. <edscott@users.sf.net>"
| #define PACKAGE "fgr+"
| #define VERSION "0.0.0.1"
| #define LICENSE "  GNU General Public License version 3  "
| #define BUGMAIL "https://sourceforge.net/p/xffm/bugs/milestone/rodent-fgr/"
| #define STDC_HEADERS 1
| #define HAVE_STDARG_H 1
| #define HAVE_FEATURES_H 1
| /* end confdefs.h.  */
| #include <stdio.h>
| #ifdef HAVE_SYS_TYPES_H
| # include <sys/types.h>
| #endif
| #ifdef HAVE_SYS_STAT_H
| # include <sys/stat.h>
| #endif
| #ifdef STDC_HEADERS
| # include <stdlib.h>
| # include <stddef.h>
| #else
| # ifdef HAVE_STDLIB_H
| #  include <stdlib.h>
| # endif
| #endif
| #ifdef HAVE_STRING_H
| # if !defined STDC_HEADERS && defined HAVE_MEMORY_H
| #  include <memory.h>
| # endif
| # include <string.h>
| #endif
| #ifdef HAVE_STRINGS_H
| # include <strings.h>
| #endif
| #ifdef HAVE_INTTYPES_H
| # include <inttypes.h>
| #endif
| #ifdef HAVE_STDINT_H
| # include <stdint.h>
| #endif
| #ifdef HAVE_UNISTD_H
| # include <unistd.h>
| #endif
| #include <rodent.h>
configure:17696: result: no
configure:17696: checking rodent.h presence
configure:17696: gcc -E  conftest.c
conftest.c:31:20: fatal error: rodent.h: No such file or directory
 #include <rodent.h>
                    ^
compilation terminated.
configure:17696: $? = 1
configure: failed program was:
| /* confdefs.h */
| #define PACKAGE_NAME "fgr+"
| #define PACKAGE_TARNAME "fgr+"
| #define PACKAGE_VERSION "0.0.0.1"
| #define PACKAGE_STRING "fgr+ 0.0.0.1"
| #define PACKAGE_BUGREPORT "https://sourceforge.net/p/xffm/bugs/milestone/rodent-fgr/"
| #define PACKAGE_URL ""http://xffm.org/""
| #define STDC_HEADERS 1
| #define HAVE_SYS_TYPES_H 1
| #define HAVE_SYS_STAT_H 1
| #define HAVE_STDLIB_H 1
| #define HAVE_STRING_H 1
| #define HAVE_MEMORY_H 1
| #define HAVE_STRINGS_H 1
| #define HAVE_INTTYPES_H 1
| #define HAVE_STDINT_H 1
| #define HAVE_UNISTD_H 1
| #define HAVE_DLFCN_H 1
| #define LT_OBJDIR ".libs/"
| #define _GNU_SOURCE 1
| #define COPYRIGHT "Copyright (c) 2000-2018 Edscott Wilson Garcia. <edscott@users.sf.net>"
| #define PACKAGE_COPYRIGHT "Copyright (c) 2000-2018 Edscott Wilson Garcia. <edscott@users.sf.net>"
| #define PACKAGE "fgr+"
| #define VERSION "0.0.0.1"
| #define LICENSE "  GNU General Public License version 3  "
| #define BUGMAIL "https://sourceforge.net/p/xffm/bugs/milestone/rodent-fgr/"
| #define STDC_HEADERS 1
| #define HAVE_STDARG_H 1
| #define HAVE_FEATURES_H 1
| /* end confdefs.h.  */
| #include <rodent.h>
configure:17696: result: no
configure:17696: checking for rodent.h
configure:17696: result: no
configure:17696: checking rfm_modules.h usability
configure:17696: gcc -c -g -O2  conftest.c >&5
conftest.c:64:25: fatal error: rfm_modules.h: No such file or directory
 #include <rfm_modules.h>
                         ^
compilation terminated.
configure:17696: $? = 1
configure: failed program was:
| /* confdefs.h */
| #define PACKAGE_NAME "fgr+"
| #define PACKAGE_TARNAME "fgr+"
| #define PACKAGE_VERSION "0.0.0.1"
| #define PACKAGE_STRING "fgr+ 0.0.0.1"
| #define PACKAGE_BUGREPORT "https://sourceforge.net/p/xffm/bugs/milestone/rodent-fgr/"
| #define PACKAGE_URL ""http://xffm.org/""
| #define STDC_HEADERS 1
| #define HAVE_SYS_TYPES_H 1
| #define HAVE_SYS_STAT_H 1
| #define HAVE_STDLIB_H 1
| #define HAVE_STRING_H 1
| #define HAVE_MEMORY_H 1
| #define HAVE_STRINGS_H 1
| #define HAVE_INTTYPES_H 1
| #define HAVE_STDINT_H 1
| #define HAVE_UNISTD_H 1
| #define HAVE_DLFCN_H 1
| #define LT_OBJDIR ".libs/"
| #define _GNU_SOURCE 1
| #define COPYRIGHT "Copyright (c) 2000-2018 Edscott Wilson Garcia. <edscott@users.sf.net>"
| #define PACKAGE_COPYRIGHT "Copyright (c) 2000-2018 Edscott Wilson Garcia. <edscott@users.sf.net>"
| #define PACKAGE "fgr+"
| #define VERSION "0.0.0.1"
| #define LICENSE "  GNU General Public License version 3  "
| #define BUGMAIL "https://sourceforge.net/p/xffm/bugs/milestone/rodent-fgr/"
| #define STDC_HEADERS 1
| #define HAVE_STDARG_H 1
| #define HAVE_FEATURES_H 1
| /* end confdefs.h.  */
| #include <stdio.h>
| #ifdef HAVE_SYS_TYPES_H
| # include <sys/types.h>
| #endif
| #ifdef HAVE_SYS_STAT_H
| # include <sys/stat.h>
| #endif
| #ifdef STDC_HEADERS
| # include <stdlib.h>
| # include <stddef.h>
| #else
| # ifdef HAVE_STDLIB_H
| #  include <stdlib.h>
| # endif
| #endif
| #ifdef HAVE_STRING_H
| # if !defined STDC_HEADERS && defined HAVE_MEMORY_H
| #  include <memory.h>
| # endif
| # include <string.h>
| #endif
| #ifdef HAVE_STRINGS_H
| # include <strings.h>
| #endif
| #ifdef HAVE_INTTYPES_H
| # include <inttypes.h>
| #endif
| #ifdef HAVE_STDINT_H
| # include <stdint.h>
| #endif
| #ifdef HAVE_UNISTD_H
| # include <unistd.h>
| #endif
| #include <rfm_modules.h>
configure:17696: result: no
configure:17696: checking rfm_modules.h presence
configure:17696: gcc -E  conftest.c
conftest.c:31:25: fatal error: rfm_modules.h: No such file or directory
 #include <rfm_modules.h>
                         ^
compilation terminated.
configure:17696: $? = 1
configure: failed program was:
| /* confdefs.h */
| #define PACKAGE_NAME "fgr+"
| #define PACKAGE_TARNAME "fgr+"
| #define PACKAGE_VERSION "0.0.0.1"
| #define PACKAGE_STRING "fgr+ 0.0.0.1"
| #define PACKAGE_BUGREPORT "https://sourceforge.net/p/xffm/bugs/milestone/rodent-fgr/"
| #define PACKAGE_URL ""http://xffm.org/""
| #define STDC_HEADERS 1
| #define HAVE_SYS_TYPES_H 1
| #define HAVE_SYS_STAT_H 1
| #define HAVE_STDLIB_H 1
| #define HAVE_STRING_H 1
| #define HAVE_MEMORY_H 1
| #define HAVE_STRINGS_H 1
| #define HAVE_INTTYPES_H 1
| #define HAVE_STDINT_H 1
| #define HAVE_UNISTD_H 1
| #define HAVE_DLFCN_H 1
| #define LT_OBJDIR ".libs/"
| #define _GNU_SOURCE 1
| #define COPYRIGHT "Copyright (c) 2000-2018 Edscott Wilson Garcia. <edscott@users.sf.net>"
| #define PACKAGE_COPYRIGHT "Copyright (c) 2000-2018 Edscott Wilson Garcia. <edscott@users.sf.net>"
| #define PACKAGE "fgr+"
| #define VERSION "0.0.0.1"
| #define LICENSE "  GNU General Public License version 3  "
| #define BUGMAIL "https://sourceforge.net/p/xffm/bugs/milestone/rodent-fgr/"
| #define STDC_HEADERS 1
| #define HAVE_STDARG_H 1
| #define HAVE_FEATURES_H 1
| /* end confdefs.h.  */
| #include <rfm_modules.h>
configure:17696: result: no
configure:17696: checking for rfm_modules.h
configure:17696: result: no
configure:17710: checking for pkg-config
configure:17726: found /usr/bin/pkg-config
configure:17738: result: yes
configure:17750: checking for intltoolize
configure:17766: found /usr/bin/intltoolize
configure:17777: result: intltoolize
configure:17797: checking for gawk
configure:17813: found /usr/bin/gawk
configure:17824: result: gawk
configure:17842: checking for GNU grep
configure:17848: result: GNU grep found
configure:17926: No debug for you.
configure:17982: No trace for you.
configure:18021: No core dumps for you.
configure:18042: checking locale.h usability
configure:18042: gcc -c -O2  conftest.c >&5
configure:18042: $? = 0
configure:18042: result: yes
configure:18042: checking locale.h presence
configure:18042: gcc -E  conftest.c
configure:18042: $? = 0
configure:18042: result: yes
configure:18042: checking for locale.h
configure:18042: result: yes
configure:18053: checking for LC_MESSAGES
configure:18069: gcc -o conftest -O2   conftest.c  >&5
configure:18069: $? = 0
configure:18077: result: yes
configure:18095: checking for CFPreferencesCopyAppValue
configure:18113: gcc -o conftest -O2   conftest.c  -Wl,-framework -Wl,CoreFoundation >&5
conftest.c:35:42: fatal error: CoreFoundation/CFPreferences.h: No such file or directory
 #include <CoreFoundation/CFPreferences.h>
                                          ^
compilation terminated.
configure:18113: $? = 1
configure: failed program was:
| /* confdefs.h */
| #define PACKAGE_NAME "fgr+"
| #define PACKAGE_TARNAME "fgr+"
| #define PACKAGE_VERSION "0.0.0.1"
| #define PACKAGE_STRING "fgr+ 0.0.0.1"
| #define PACKAGE_BUGREPORT "https://sourceforge.net/p/xffm/bugs/milestone/rodent-fgr/"
| #define PACKAGE_URL ""http://xffm.org/""
| #define STDC_HEADERS 1
| #define HAVE_SYS_TYPES_H 1
| #define HAVE_SYS_STAT_H 1
| #define HAVE_STDLIB_H 1
| #define HAVE_STRING_H 1
| #define HAVE_MEMORY_H 1
| #define HAVE_STRINGS_H 1
| #define HAVE_INTTYPES_H 1
| #define HAVE_STDINT_H 1
| #define HAVE_UNISTD_H 1
| #define HAVE_DLFCN_H 1
| #define LT_OBJDIR ".libs/"
| #define _GNU_SOURCE 1
| #define COPYRIGHT "Copyright (c) 2000-2018 Edscott Wilson Garcia. <edscott@users.sf.net>"
| #define PACKAGE_COPYRIGHT "Copyright (c) 2000-2018 Edscott Wilson Garcia. <edscott@users.sf.net>"
| #define PACKAGE "fgr+"
| #define VERSION "0.0.0.1"
| #define LICENSE "  GNU General Public License version 3  "
| #define BUGMAIL "https://sourceforge.net/p/xffm/bugs/milestone/rodent-fgr/"
| #define STDC_HEADERS 1
| #define HAVE_STDARG_H 1
| #define HAVE_FEATURES_H 1
| #define GNU_GREP 1
| #define GETTEXT_PACKAGE "fgr+"
| #define HAVE_LOCALE_H 1
| #define HAVE_LC_MESSAGES 1
| /* end confdefs.h.  */
| #include <CoreFoundation/CFPreferences.h>
| int
| main ()
| {
| CFPreferencesCopyAppValue(NULL, NULL)
|   ;
|   return 0;
| }
configure:18122: result: no
configure:18129: checking for CFLocaleCopyCurrent
configure:18147: gcc -o conftest -O2   conftest.c  -Wl,-framework -Wl,CoreFoundation >&5
conftest.c:35:37: fatal error: CoreFoundation/CFLocale.h: No such file or directory
 #include <CoreFoundation/CFLocale.h>
                                     ^
compilation terminated.
configure:18147: $? = 1
configure: failed program was:
| /* confdefs.h */
| #define PACKAGE_NAME "fgr+"
| #define PACKAGE_TARNAME "fgr+"
| #define PACKAGE_VERSION "0.0.0.1"
| #define PACKAGE_STRING "fgr+ 0.0.0.1"
| #define PACKAGE_BUGREPORT "https://sourceforge.net/p/xffm/bugs/milestone/rodent-fgr/"
| #define PACKAGE_URL ""http://xffm.org/""
| #define STDC_HEADERS 1
| #define HAVE_SYS_TYPES_H 1
| #define HAVE_SYS_STAT_H 1
| #define HAVE_STDLIB_H 1
| #define HAVE_STRING_H 1
| #define HAVE_MEMORY_H 1
| #define HAVE_STRINGS_H 1
| #define HAVE_INTTYPES_H 1
| #define HAVE_STDINT_H 1
| #define HAVE_UNISTD_H 1
| #define HAVE_DLFCN_H 1
| #define LT_OBJDIR ".libs/"
| #define _GNU_SOURCE 1
| #define COPYRIGHT "Copyright (c) 2000-2018 Edscott Wilson Garcia. <edscott@users.sf.net>"
| #define PACKAGE_COPYRIGHT "Copyright (c) 2000-2018 Edscott Wilson Garcia. <edscott@users.sf.net>"
| #define PACKAGE "fgr+"
| #define VERSION "0.0.0.1"
| #define LICENSE "  GNU General Public License version 3  "
| #define BUGMAIL "https://sourceforge.net/p/xffm/bugs/milestone/rodent-fgr/"
| #define STDC_HEADERS 1
| #define HAVE_STDARG_H 1
| #define HAVE_FEATURES_H 1
| #define GNU_GREP 1
| #define GETTEXT_PACKAGE "fgr+"
| #define HAVE_LOCALE_H 1
| #define HAVE_LC_MESSAGES 1
| /* end confdefs.h.  */
| #include <CoreFoundation/CFLocale.h>
| int
| main ()
| {
| CFLocaleCopyCurrent();
|   ;
|   return 0;
| }
configure:18156: result: no
configure:18170: checking libintl.h usability
configure:18170: gcc -c -O2  conftest.c >&5
configure:18170: $? = 0
configure:18170: result: yes
configure:18170: checking libintl.h presence
configure:18170: gcc -E  conftest.c
configure:18170: $? = 0
configure:18170: result: yes
configure:18170: checking for libintl.h
configure:18170: result: yes
configure:18178: checking for ngettext in libc
configure:18196: gcc -o conftest -O2   conftest.c  >&5
configure:18196: $? = 0
configure:18205: result: yes
configure:18209: checking for dgettext in libc
configure:18227: gcc -o conftest -O2   conftest.c  >&5
configure:18227: $? = 0
configure:18236: result: yes
configure:18243: checking for bind_textdomain_codeset
configure:18243: gcc -o conftest -O2   conftest.c  >&5
configure:18243: $? = 0
configure:18243: result: yes
configure:18519: checking for msgfmt
configure:18546: result: /usr/bin/msgfmt
configure:18557: checking for dcgettext
configure:18557: gcc -o conftest -O2   conftest.c   >&5
conftest.c:60:6: warning: conflicting types for built-in function 'dcgettext'
 char dcgettext ();
      ^~~~~~~~~
configure:18557: $? = 0
configure:18557: result: yes
configure:18567: checking if msgfmt accepts -c
configure:18582: $MSGFMT -c -o /dev/null conftest.foo
conftest.foo:3: warning: header field 'Language' missing in header
configure:18585: $? = 0
configure:18587: result: yes
configure:18597: checking for gmsgfmt
configure:18628: result: /usr/bin/gmsgfmt
configure:18638: checking for xgettext
configure:18665: result: /usr/bin/xgettext
configure:18684: gcc -o conftest -O2   conftest.c   >&5
configure:18684: $? = 0
configure:18766: checking for catalogs to be installed
configure:18791: result:  es
configure:18824: checking for bind_textdomain_codeset
configure:18824: result: yes
configure:18830: checking for locales directory
configure:18846: result: ${datarootdir}/locale
configure:18850: checking for additional xgettext flags
configure:18858: result: --keyword=Q_
configure:18864: checking for dpkg
configure:18892: result: no
configure:19012: checking that generated files are newer than configure
configure:19018: result: done
configure:19053: creating ./config.status

## ---------------------- ##
## Running config.status. ##
## ---------------------- ##

This file was extended by fgr+ config.status 0.0.0.1, which was
generated by GNU Autoconf 2.69.  Invocation command line was

  CONFIG_FILES    = 
  CONFIG_HEADERS  = 
  CONFIG_LINKS    = 
  CONFIG_COMMANDS = 
  $ ./config.status 

on cancer

config.status:1276: creating fgr+.settings
config.status:1276: creating fgr+.appdata.xml
config.status:1276: creating Makefile
config.status:1276: creating src/Makefile
config.status:1276: creating fgr+.desktop.in
config.status:1276: creating config.h
config.status:1505: executing libtool commands
config.status:1505: executing depfiles commands
config.status:1505: executing default-1 commands
config.status:1505: executing po/stamp-it commands

## ---------------- ##
## Cache variables. ##
## ---------------- ##

ac_cv_build=x86_64-unknown-linux-gnu
ac_cv_c_compiler_gnu=yes
ac_cv_cxx_compiler_gnu=yes
ac_cv_env_CCC_set=
ac_cv_env_CCC_value=
ac_cv_env_CC_set=
ac_cv_env_CC_value=
ac_cv_env_CFLAGS_set=
ac_cv_env_CFLAGS_value=
ac_cv_env_CPPFLAGS_set=
ac_cv_env_CPPFLAGS_value=
ac_cv_env_CPP_set=
ac_cv_env_CPP_value=
ac_cv_env_CXXCPP_set=
ac_cv_env_CXXCPP_value=
ac_cv_env_CXXFLAGS_set=
ac_cv_env_CXXFLAGS_value=
ac_cv_env_CXX_set=
ac_cv_env_CXX_value=
ac_cv_env_LDFLAGS_set=
ac_cv_env_LDFLAGS_value=
ac_cv_env_LIBS_set=
ac_cv_env_LIBS_value=
ac_cv_env_LT_SYS_LIBRARY_PATH_set=
ac_cv_env_LT_SYS_LIBRARY_PATH_value=
ac_cv_env_build_alias_set=
ac_cv_env_build_alias_value=
ac_cv_env_host_alias_set=
ac_cv_env_host_alias_value=
ac_cv_env_target_alias_set=
ac_cv_env_target_alias_value=
ac_cv_func_bind_textdomain_codeset=yes
ac_cv_func_dcgettext=yes
ac_cv_header_dlfcn_h=yes
ac_cv_header_features_h=yes
ac_cv_header_inttypes_h=yes
ac_cv_header_libintl_h=yes
ac_cv_header_locale_h=yes
ac_cv_header_memory_h=yes
ac_cv_header_rfm_modules_h=no
ac_cv_header_rodent_h=no
ac_cv_header_stdarg_h=yes
ac_cv_header_stdc=yes
ac_cv_header_stdint_h=yes
ac_cv_header_stdlib_h=yes
ac_cv_header_string_h=yes
ac_cv_header_strings_h=yes
ac_cv_header_sys_stat_h=yes
ac_cv_header_sys_types_h=yes
ac_cv_header_sys_types_h_makedev=yes
ac_cv_header_unistd_h=yes
ac_cv_header_varargs_h=no
ac_cv_host=x86_64-unknown-linux-gnu
ac_cv_objext=o
ac_cv_path_EGREP='/bin/grep -E'
ac_cv_path_FGREP='/bin/grep -F'
ac_cv_path_GMSGFMT=/usr/bin/gmsgfmt
ac_cv_path_GREP=/bin/grep
ac_cv_path_INTLTOOL_EXTRACT=/usr/bin/intltool-extract
ac_cv_path_INTLTOOL_MERGE=/usr/bin/intltool-merge
ac_cv_path_INTLTOOL_PERL=/usr/bin/perl
ac_cv_path_INTLTOOL_UPDATE=/usr/bin/intltool-update
ac_cv_path_MSGFMT=/usr/bin/msgfmt
ac_cv_path_MSGMERGE=/usr/bin/msgmerge
ac_cv_path_PKG_CONFIG=/usr/bin/pkg-config
ac_cv_path_SED=/bin/sed
ac_cv_path_XGETTEXT=/usr/bin/xgettext
ac_cv_path_install='/usr/bin/install -c'
ac_cv_path_lt_DD=/bin/dd
ac_cv_path_mkdir=/bin/mkdir
ac_cv_prog_AWK=gawk
ac_cv_prog_CPP='gcc -E'
ac_cv_prog_CXXCPP='g++ -E'
ac_cv_prog_ac_ct_AR=ar
ac_cv_prog_ac_ct_CC=gcc
ac_cv_prog_ac_ct_CXX=g++
ac_cv_prog_ac_ct_OBJDUMP=objdump
ac_cv_prog_ac_ct_RANLIB=ranlib
ac_cv_prog_ac_ct_STRIP=strip
ac_cv_prog_cc_c89=
ac_cv_prog_cc_g=yes
ac_cv_prog_cv_dpkg=no
ac_cv_prog_cv_pkgconfig=yes
ac_cv_prog_cxx_g=yes
ac_cv_prog_gawk=gawk
ac_cv_prog_intltoolize=intltoolize
ac_cv_prog_make_make_set=yes
ac_cv_search_strerror='none required'
am_cv_CC_dependencies_compiler_type=gcc3
am_cv_CXX_dependencies_compiler_type=gcc3
am_cv_make_support_nested_variables=yes
am_cv_prog_cc_c_o=yes
am_cv_val_LC_MESSAGES=yes
gt_cv_func_CFLocaleCopyCurrent=no
gt_cv_func_CFPreferencesCopyAppValue=no
gt_cv_func_dgettext_libc=yes
gt_cv_func_dgettext_libintl=no
gt_cv_func_ngettext_libc=yes
gt_cv_have_gettext=yes
lt_cv_ar_at_file=@
lt_cv_archive_cmds_need_lc=no
lt_cv_deplibs_check_method=pass_all
lt_cv_file_magic_cmd='$MAGIC_CMD'
lt_cv_file_magic_test_file=
lt_cv_ld_reload_flag=-r
lt_cv_nm_interface='BSD nm'
lt_cv_objdir=.libs
lt_cv_path_LD=/usr/x86_64-pc-linux-gnu/bin/ld
lt_cv_path_LDCXX='/usr/x86_64-pc-linux-gnu/bin/ld -m elf_x86_64'
lt_cv_path_NM='/usr/bin/nm -B'
lt_cv_path_mainfest_tool=no
lt_cv_prog_compiler_c_o=yes
lt_cv_prog_compiler_c_o_CXX=yes
lt_cv_prog_compiler_pic='-fPIC -DPIC'
lt_cv_prog_compiler_pic_CXX='-fPIC -DPIC'
lt_cv_prog_compiler_pic_works=yes
lt_cv_prog_compiler_pic_works_CXX=yes
lt_cv_prog_compiler_rtti_exceptions=no
lt_cv_prog_compiler_static_works=yes
lt_cv_prog_compiler_static_works_CXX=yes
lt_cv_prog_gnu_ld=yes
lt_cv_prog_gnu_ldcxx=yes
lt_cv_sharedlib_from_linklib_cmd='printf %s\n'
lt_cv_shlibpath_overrides_runpath=yes
lt_cv_sys_global_symbol_pipe='sed -n -e '\''s/^.*[	 ]\([ABCDGIRSTW][ABCDGIRSTW]*\)[	 ][	 ]*\([_A-Za-z][_A-Za-z0-9]*\)$/\1 \2 \2/p'\'' | sed '\''/ __gnu_lto/d'\'''
lt_cv_sys_global_symbol_to_c_name_address='sed -n -e '\''s/^: \(.*\) .*$/  {"\1", (void *) 0},/p'\'' -e '\''s/^[ABCDGIRSTW][ABCDGIRSTW]* .* \(.*\)$/  {"\1", (void *) \&\1},/p'\'''
lt_cv_sys_global_symbol_to_c_name_address_lib_prefix='sed -n -e '\''s/^: \(.*\) .*$/  {"\1", (void *) 0},/p'\'' -e '\''s/^[ABCDGIRSTW][ABCDGIRSTW]* .* \(lib.*\)$/  {"\1", (void *) \&\1},/p'\'' -e '\''s/^[ABCDGIRSTW][ABCDGIRSTW]* .* \(.*\)$/  {"lib\1", (void *) \&\1},/p'\'''
lt_cv_sys_global_symbol_to_cdecl='sed -n -e '\''s/^T .* \(.*\)$/extern int \1();/p'\'' -e '\''s/^[ABCDGIRSTW][ABCDGIRSTW]* .* \(.*\)$/extern char \1;/p'\'''
lt_cv_sys_global_symbol_to_import=
lt_cv_sys_max_cmd_len=1572864
lt_cv_to_host_file_cmd=func_convert_file_noop
lt_cv_to_tool_file_cmd=func_convert_file_noop
lt_cv_truncate_bin='/bin/dd bs=4096 count=1'
xdt_cv_PKG_CONFIG_MIN_VERSION=0.9.0
xdt_cv_PKG_CONFIG_VERSION=0.29.2

## ----------------- ##
## Output variables. ##
## ----------------- ##

ACLOCAL='${SHELL} /home/GIT/xffm+/xffind/missing aclocal-1.15'
ALL_LINGUAS='es'
AMDEPBACKSLASH='\'
AMDEP_FALSE='#'
AMDEP_TRUE=''
AMTAR='$${TAR-tar}'
AM_BACKSLASH='\'
AM_DEFAULT_V='$(AM_DEFAULT_VERBOSITY)'
AM_DEFAULT_VERBOSITY='0'
AM_V='$(V)'
AR='ar'
AUTOCONF='${SHELL} /home/GIT/xffm+/xffind/missing autoconf'
AUTOHEADER='${SHELL} /home/GIT/xffm+/xffind/missing autoheader'
AUTOMAKE='${SHELL} /home/GIT/xffm+/xffind/missing automake-1.15'
AWK='gawk'
BUGMAIL='https://sourceforge.net/p/xffm/bugs/milestone/rodent-fgr/'
CATALOGS=' es.gmo'
CATOBJEXT='.gmo'
CC='gcc'
CCDEPMODE='depmode=gcc3'
CFLAGS='-O2'
COPYRIGHT=''
CORE=''
CPP='gcc -E'
CPPFLAGS=''
CXX='g++'
CXXCPP='g++ -E'
CXXDEPMODE='depmode=gcc3'
CXXFLAGS='-g -O2 -I/usr/local/include -I/usr/local/include'
CYGPATH_W='echo'
DATADIRNAME='share'
DEBUG=''
DEBUG_TRACE=''
DEFS='-DHAVE_CONFIG_H'
DEPDIR='.deps'
DLLTOOL='false'
DSYMUTIL=''
DUMPBIN=''
ECHO_C=''
ECHO_N='-n'
ECHO_T=''
EGREP='/bin/grep -E'
EXEEXT=''
FGREP='/bin/grep -F'
GETTEXT_PACKAGE='fgr+'
GMOFILES=' es.gmo'
GMSGFMT='/usr/bin/gmsgfmt'
GNU_GREP='1'
GREP='/bin/grep'
GTKPC='gtk+-3.0'
GTK_CFLAGS='-pthread -I/usr/include/gtk-3.0 -I/usr/include/at-spi2-atk/2.0 -I/usr/include/at-spi-2.0 -I/usr/include/dbus-1.0 -I/usr/lib64/dbus-1.0/include -I/usr/include/gtk-3.0 -I/usr/include/gio-unix-2.0/ -I/usr/include/cairo -I/usr/include/pango-1.0 -I/usr/include/harfbuzz -I/usr/include/pango-1.0 -I/usr/include/atk-1.0 -I/usr/include/cairo -I/usr/include/pixman-1 -I/usr/include/freetype2 -I/usr/include/libdrm -I/usr/include/libpng16 -I/usr/include/gdk-pixbuf-2.0 -I/usr/include/libpng16 -I/usr/include/glib-2.0 -I/usr/lib64/glib-2.0/include'
GTK_LIBS='-lgtk-3 -lgdk-3 -lpangocairo-1.0 -lpango-1.0 -latk-1.0 -lcairo-gobject -lcairo -lgdk_pixbuf-2.0 -lgio-2.0 -lgobject-2.0 -lglib-2.0'
GTK_REQUIRED_VERSION='3.22.19'
GTK_VERSION='3.22.19'
INSTALL_DATA='${INSTALL} -m 644'
INSTALL_PROGRAM='${INSTALL}'
INSTALL_SCRIPT='${INSTALL}'
INSTALL_STRIP_PROGRAM='$(install_sh) -c -s'
INSTOBJEXT='.mo'
INTLLIBS=''
INTLTOOL_CAVES_RULE='%.caves:     %.caves.in     $(INTLTOOL_MERGE) $(wildcard $(top_srcdir)/po/*.po) ; $(INTLTOOL_V_MERGE)LC_ALL=C $(INTLTOOL_MERGE) $(INTLTOOL_V_MERGE_OPTIONS) -d -u -c $(top_builddir)/po/.intltool-merge-cache $(top_srcdir)/po $< $@'
INTLTOOL_DESKTOP_RULE='%.desktop:   %.desktop.in   $(INTLTOOL_MERGE) $(wildcard $(top_srcdir)/po/*.po) ; $(INTLTOOL_V_MERGE)LC_ALL=C $(INTLTOOL_MERGE) $(INTLTOOL_V_MERGE_OPTIONS) -d -u -c $(top_builddir)/po/.intltool-merge-cache $(top_srcdir)/po $< $@'
INTLTOOL_DIRECTORY_RULE='%.directory: %.directory.in $(INTLTOOL_MERGE) $(wildcard $(top_srcdir)/po/*.po) ; $(INTLTOOL_V_MERGE)LC_ALL=C $(INTLTOOL_MERGE) $(INTLTOOL_V_MERGE_OPTIONS) -d -u -c $(top_builddir)/po/.intltool-merge-cache $(top_srcdir)/po $< $@'
INTLTOOL_EXTRACT='/usr/bin/intltool-extract'
INTLTOOL_KBD_RULE='%.kbd:       %.kbd.in       $(INTLTOOL_MERGE) $(wildcard $(top_srcdir)/po/*.po) ; $(INTLTOOL_V_MERGE)LC_ALL=C $(INTLTOOL_MERGE) $(INTLTOOL_V_MERGE_OPTIONS) -x -u -m -c $(top_builddir)/po/.intltool-merge-cache $(top_srcdir)/po $< $@'
INTLTOOL_KEYS_RULE='%.keys:      %.keys.in      $(INTLTOOL_MERGE) $(wildcard $(top_srcdir)/po/*.po) ; $(INTLTOOL_V_MERGE)LC_ALL=C $(INTLTOOL_MERGE) $(INTLTOOL_V_MERGE_OPTIONS) -k -u -c $(top_builddir)/po/.intltool-merge-cache $(top_srcdir)/po $< $@'
INTLTOOL_MERGE='/usr/bin/intltool-merge'
INTLTOOL_OAF_RULE='%.oaf:       %.oaf.in       $(INTLTOOL_MERGE) $(wildcard $(top_srcdir)/po/*.po) ; $(INTLTOOL_V_MERGE)LC_ALL=C $(INTLTOOL_MERGE) $(INTLTOOL_V_MERGE_OPTIONS) -o -p $(top_srcdir)/po $< $@'
INTLTOOL_PERL='/usr/bin/perl'
INTLTOOL_POLICY_RULE='%.policy:    %.policy.in    $(INTLTOOL_MERGE) $(wildcard $(top_srcdir)/po/*.po) ; $(INTLTOOL_V_MERGE)LC_ALL=C $(INTLTOOL_MERGE) $(INTLTOOL_V_MERGE_OPTIONS) -x -u -c $(top_builddir)/po/.intltool-merge-cache $(top_srcdir)/po $< $@'
INTLTOOL_PONG_RULE='%.pong:      %.pong.in      $(INTLTOOL_MERGE) $(wildcard $(top_srcdir)/po/*.po) ; $(INTLTOOL_V_MERGE)LC_ALL=C $(INTLTOOL_MERGE) $(INTLTOOL_V_MERGE_OPTIONS) -x -u -c $(top_builddir)/po/.intltool-merge-cache $(top_srcdir)/po $< $@'
INTLTOOL_PROP_RULE='%.prop:      %.prop.in      $(INTLTOOL_MERGE) $(wildcard $(top_srcdir)/po/*.po) ; $(INTLTOOL_V_MERGE)LC_ALL=C $(INTLTOOL_MERGE) $(INTLTOOL_V_MERGE_OPTIONS) -d -u -c $(top_builddir)/po/.intltool-merge-cache $(top_srcdir)/po $< $@'
INTLTOOL_SCHEMAS_RULE='%.schemas:   %.schemas.in   $(INTLTOOL_MERGE) $(wildcard $(top_srcdir)/po/*.po) ; $(INTLTOOL_V_MERGE)LC_ALL=C $(INTLTOOL_MERGE) $(INTLTOOL_V_MERGE_OPTIONS) -s -u -c $(top_builddir)/po/.intltool-merge-cache $(top_srcdir)/po $< $@'
INTLTOOL_SERVER_RULE='%.server:    %.server.in    $(INTLTOOL_MERGE) $(wildcard $(top_srcdir)/po/*.po) ; $(INTLTOOL_V_MERGE)LC_ALL=C $(INTLTOOL_MERGE) $(INTLTOOL_V_MERGE_OPTIONS) -o -u -c $(top_builddir)/po/.intltool-merge-cache $(top_srcdir)/po $< $@'
INTLTOOL_SERVICE_RULE='%.service: %.service.in   $(INTLTOOL_MERGE) $(wildcard $(top_srcdir)/po/*.po) ; $(INTLTOOL_V_MERGE)LC_ALL=C $(INTLTOOL_MERGE) $(INTLTOOL_V_MERGE_OPTIONS) -d -u -c $(top_builddir)/po/.intltool-merge-cache $(top_srcdir)/po $< $@'
INTLTOOL_SHEET_RULE='%.sheet:     %.sheet.in     $(INTLTOOL_MERGE) $(wildcard $(top_srcdir)/po/*.po) ; $(INTLTOOL_V_MERGE)LC_ALL=C $(INTLTOOL_MERGE) $(INTLTOOL_V_MERGE_OPTIONS) -x -u -c $(top_builddir)/po/.intltool-merge-cache $(top_srcdir)/po $< $@'
INTLTOOL_SOUNDLIST_RULE='%.soundlist: %.soundlist.in $(INTLTOOL_MERGE) $(wildcard $(top_srcdir)/po/*.po) ; $(INTLTOOL_V_MERGE)LC_ALL=C $(INTLTOOL_MERGE) $(INTLTOOL_V_MERGE_OPTIONS) -d -u -c $(top_builddir)/po/.intltool-merge-cache $(top_srcdir)/po $< $@'
INTLTOOL_THEME_RULE='%.theme:     %.theme.in     $(INTLTOOL_MERGE) $(wildcard $(top_srcdir)/po/*.po) ; $(INTLTOOL_V_MERGE)LC_ALL=C $(INTLTOOL_MERGE) $(INTLTOOL_V_MERGE_OPTIONS) -d -u -c $(top_builddir)/po/.intltool-merge-cache $(top_srcdir)/po $< $@'
INTLTOOL_UI_RULE='%.ui:        %.ui.in        $(INTLTOOL_MERGE) $(wildcard $(top_srcdir)/po/*.po) ; $(INTLTOOL_V_MERGE)LC_ALL=C $(INTLTOOL_MERGE) $(INTLTOOL_V_MERGE_OPTIONS) -x -u -c $(top_builddir)/po/.intltool-merge-cache $(top_srcdir)/po $< $@'
INTLTOOL_UPDATE='/usr/bin/intltool-update'
INTLTOOL_V_MERGE='$(INTLTOOL__v_MERGE_$(V))'
INTLTOOL_V_MERGE_OPTIONS='$(intltool__v_merge_options_$(V))'
INTLTOOL_XAM_RULE='%.xam:       %.xml.in       $(INTLTOOL_MERGE) $(wildcard $(top_srcdir)/po/*.po) ; $(INTLTOOL_V_MERGE)LC_ALL=C $(INTLTOOL_MERGE) $(INTLTOOL_V_MERGE_OPTIONS) -x -u -c $(top_builddir)/po/.intltool-merge-cache $(top_srcdir)/po $< $@'
INTLTOOL_XML_NOMERGE_RULE='%.xml:       %.xml.in       $(INTLTOOL_MERGE) ; $(INTLTOOL_V_MERGE)LC_ALL=C $(INTLTOOL_MERGE) $(INTLTOOL_V_MERGE_OPTIONS) -x -u --no-translations $< $@'
INTLTOOL_XML_RULE='%.xml:       %.xml.in       $(INTLTOOL_MERGE) $(wildcard $(top_srcdir)/po/*.po) ; $(INTLTOOL_V_MERGE)LC_ALL=C $(INTLTOOL_MERGE) $(INTLTOOL_V_MERGE_OPTIONS) -x -u -c $(top_builddir)/po/.intltool-merge-cache $(top_srcdir)/po $< $@'
INTLTOOL__v_MERGE_0='@echo "  ITMRG " $@;'
INTLTOOL__v_MERGE_='$(INTLTOOL__v_MERGE_$(AM_DEFAULT_VERBOSITY))'
INTL_MACOSX_LIBS=''
LD='/usr/x86_64-pc-linux-gnu/bin/ld -m elf_x86_64'
LDFLAGS=''
LDLIBS=''
LIBOBJS=''
LIBS=''
LIBTOOL='$(SHELL) $(top_builddir)/libtool'
LICENSE='  GNU General Public License version 3  '
LIPO=''
LN_S='ln -s'
LTLIBOBJS=''
LT_SYS_LIBRARY_PATH=''
MAINT='#'
MAINTAINER_MODE_FALSE=''
MAINTAINER_MODE_TRUE='#'
MAKEINFO='${SHELL} /home/GIT/xffm+/xffind/missing makeinfo'
MANIFEST_TOOL=':'
MASTER_SITE='http://sourceforge.net/projects/xffm+/files'
MKDIR_P='/bin/mkdir -p'
MKINSTALLDIRS='./mkinstalldirs'
MSGFMT='/usr/bin/msgfmt'
MSGFMT_OPTS='-c'
MSGMERGE='/usr/bin/msgmerge'
NM='/usr/bin/nm -B'
NMEDIT=''
OBJDUMP='objdump'
OBJEXT='o'
OTOOL64=''
OTOOL=''
PACKAGE='fgr+'
PACKAGE_BUGREPORT='https://sourceforge.net/p/xffm/bugs/milestone/rodent-fgr/'
PACKAGE_COPYRIGHT=''
PACKAGE_NAME='fgr+'
PACKAGE_STRING='fgr+ 0.0.0.1'
PACKAGE_TARNAME='fgr+'
PACKAGE_URL='"http://xffm.org/"'
PACKAGE_VERSION='0.0.0.1'
PATH_SEPARATOR=':'
PKG_CONFIG='/usr/bin/pkg-config'
POFILES=' es.po'
POSUB='po'
PO_IN_DATADIR_FALSE=''
PO_IN_DATADIR_TRUE=''
RANLIB='ranlib'
SED='/bin/sed'
SET_MAKE=''
SHELL='/bin/sh'
SRC_URI='http://sourceforge.net/projects/xffm+/files/0.0.0.1/fgr+-0.0.0.1.tar.gz'
STRIP='strip'
TCMALLOC=''
TUBO_CFLAGS='-I/usr/local/include'
TUBO_LIBS='-L/usr/local/lib -lpthread -lrt -ltubo'
TUBO_REQUIRED_VERSION='5.0.13'
TUBO_VERSION='5.0.16'
USE_NLS='yes'
VERSION='0.0.0.1'
WITH_CORE='no'
WITH_DEBUG='no'
WITH_GNU_GREP='yes'
WITH_TRACE='no'
XGETTEXT='/usr/bin/xgettext'
XGETTEXT_ARGS='--keyword=Q_'
_GNU_SOURCE=''
ac_ct_AR='ar'
ac_ct_CC='gcc'
ac_ct_CXX='g++'
ac_ct_DUMPBIN=''
am__EXEEXT_FALSE=''
am__EXEEXT_TRUE='#'
am__fastdepCC_FALSE='#'
am__fastdepCC_TRUE=''
am__fastdepCXX_FALSE='#'
am__fastdepCXX_TRUE=''
am__include='include'
am__isrc=''
am__leading_dot='.'
am__nodep='_no'
am__quote=''
am__tar='$${TAR-tar} chof - "$$tardir"'
am__untar='$${TAR-tar} xf -'
bindir='${exec_prefix}/bin'
build='x86_64-unknown-linux-gnu'
build_alias=''
build_cpu='x86_64'
build_os='linux-gnu'
build_vendor='unknown'
cv_dpkg='no'
cv_pkgconfig='yes'
datadir='${datarootdir}'
datarootdir='${prefix}/share'
docdir='${datarootdir}/doc/${PACKAGE_TARNAME}'
dvidir='${docdir}'
exec_prefix='${prefix}'
gawk='gawk'
host='x86_64-unknown-linux-gnu'
host_alias=''
host_cpu='x86_64'
host_os='linux-gnu'
host_vendor='unknown'
htmldir='${docdir}'
includedir='${prefix}/include'
infodir='${datarootdir}/info'
install_sh='${SHELL} /home/GIT/xffm+/xffind/install-sh'
intltool__v_merge_options_0='-q'
intltool__v_merge_options_='$(intltool__v_merge_options_$(AM_DEFAULT_VERBOSITY))'
intltoolize='intltoolize'
libdir='${exec_prefix}/lib'
libexecdir='${exec_prefix}/libexec'
localedir='${datarootdir}/locale'
localstatedir='${prefix}/var'
mandir='${datarootdir}/man'
mkdir_p='$(MKDIR_P)'
oldincludedir='/usr/include'
pdfdir='${docdir}'
prefix='/usr/local'
program_transform_name='s,x,x,'
psdir='${docdir}'
sbindir='${exec_prefix}/sbin'
sharedstatedir='${prefix}/com'
sysconfdir='${prefix}/etc'
target_alias=''

## ----------- ##
## confdefs.h. ##
## ----------- ##

/* confdefs.h */
#define PACKAGE_NAME "fgr+"
#define PACKAGE_TARNAME "fgr+"
#define PACKAGE_VERSION "0.0.0.1"
#define PACKAGE_STRING "fgr+ 0.0.0.1"
#define PACKAGE_BUGREPORT "https://sourceforge.net/p/xffm/bugs/milestone/rodent-fgr/"
#define PACKAGE_URL ""http://xffm.org/""
#define STDC_HEADERS 1
#define HAVE_SYS_TYPES_H 1
#define HAVE_SYS_STAT_H 1
#define HAVE_STDLIB_H 1
#define HAVE_STRING_H 1
#define HAVE_MEMORY_H 1
#define HAVE_STRINGS_H 1
#define HAVE_INTTYPES_H 1
#define HAVE_STDINT_H 1
#define HAVE_UNISTD_H 1
#define HAVE_DLFCN_H 1
#define LT_OBJDIR ".libs/"
#define _GNU_SOURCE 1
#define COPYRIGHT "Copyright (c) 2000-2018 Edscott Wilson Garcia. <edscott@users.sf.net>"
#define PACKAGE_COPYRIGHT "Copyright (c) 2000-2018 Edscott Wilson Garcia. <edscott@users.sf.net>"
#define PACKAGE "fgr+"
#define VERSION "0.0.0.1"
#define LICENSE "  GNU General Public License version 3  "
#define BUGMAIL "https://sourceforge.net/p/xffm/bugs/milestone/rodent-fgr/"
#define STDC_HEADERS 1
#define HAVE_STDARG_H 1
#define HAVE_FEATURES_H 1
#define GNU_GREP 1
#define GETTEXT_PACKAGE "fgr+"
#define HAVE_LOCALE_H 1
#define HAVE_LC_MESSAGES 1
#define HAVE_BIND_TEXTDOMAIN_CODESET 1
#define HAVE_GETTEXT 1
#define HAVE_DCGETTEXT 1
#define ENABLE_NLS 1

configure: exit 0

## ---------------------- ##
## Running config.status. ##
## ---------------------- ##

This file was extended by fgr+ config.status 0.0.0.1, which was
generated by GNU Autoconf 2.69.  Invocation command line was

  CONFIG_FILES    = 
  CONFIG_HEADERS  = 
  CONFIG_LINKS    = 
  CONFIG_COMMANDS = 
  $ ./config.status fgr+.desktop.in

on cancer

config.status:1276: creating fgr+.desktop.in
