This file contains any messages produced by compilers while
running configure, to aid debugging if configure makes a mistake.

It was created by fgr configure 5.2.5, which was
generated by GNU Autoconf 2.69.  Invocation command line was

  $ ./configure 

## --------- ##
## Platform. ##
## --------- ##

hostname = cancer
uname -m = x86_64
uname -r = 4.14.15-core
uname -s = Linux
uname -v = #7 SMP Wed Jan 31 15:18:03 CST 2018

/usr/bin/uname -p = Intel(R) Core(TM) i5-2450M CPU @ 2.50GHz
/bin/uname -X     = unknown

/bin/arch              = unknown
/usr/bin/arch -k       = unknown
/usr/convex/getsysinfo = unknown
/usr/bin/hostinfo      = unknown
/bin/machine           = unknown
/usr/bin/oslevel       = unknown
/bin/universe          = unknown

PATH: /usr/local/bin
PATH: /home/edscott/bin
PATH: /usr/x86_64-pc-linux-gnu/gcc-bin/6.4.0
PATH: /usr/lib/llvm/5/bin
PATH: /usr/local/bin
PATH: /usr/bin
PATH: /bin
PATH: /opt/bin
PATH: /usr/sbin
PATH: /sbin
PATH: /usr/sbin
PATH: /sbin


## ----------- ##
## Core tests. ##
## ----------- ##

configure:2379: checking build system type
configure:2393: result: x86_64-unknown-linux-gnu
configure:2413: checking host system type
configure:2426: result: x86_64-unknown-linux-gnu
configure:2467: checking how to print strings
configure:2494: result: printf
configure:2566: checking for gcc
configure:2582: found /usr/x86_64-pc-linux-gnu/gcc-bin/6.4.0/gcc
configure:2593: result: gcc
configure:2822: checking for C compiler version
configure:2831: gcc --version >&5
gcc (Gentoo 6.4.0-r1 p1.3) 6.4.0
Copyright (C) 2017 Free Software Foundation, Inc.
This is free software; see the source for copying conditions.  There is NO
warranty; not even for MERCHANTABILITY or FITNESS FOR A PARTICULAR PURPOSE.

configure:2842: $? = 0
configure:2831: gcc -v >&5
Using built-in specs.
COLLECT_GCC=gcc
COLLECT_LTO_WRAPPER=/usr/libexec/gcc/x86_64-pc-linux-gnu/6.4.0/lto-wrapper
Target: x86_64-pc-linux-gnu
Configured with: /var/tmp/portage/sys-devel/gcc-6.4.0-r1/work/gcc-6.4.0/configure --host=x86_64-pc-linux-gnu --build=x86_64-pc-linux-gnu --prefix=/usr --bindir=/usr/x86_64-pc-linux-gnu/gcc-bin/6.4.0 --includedir=/usr/lib/gcc/x86_64-pc-linux-gnu/6.4.0/include --datadir=/usr/share/gcc-data/x86_64-pc-linux-gnu/6.4.0 --mandir=/usr/share/gcc-data/x86_64-pc-linux-gnu/6.4.0/man --infodir=/usr/share/gcc-data/x86_64-pc-linux-gnu/6.4.0/info --with-gxx-include-dir=/usr/lib/gcc/x86_64-pc-linux-gnu/6.4.0/include/g++-v6 --with-python-dir=/share/gcc-data/x86_64-pc-linux-gnu/6.4.0/python --enable-languages=c,c++,fortran --enable-obsolete --enable-secureplt --disable-werror --with-system-zlib --enable-nls --without-included-gettext --enable-checking=release --with-bugurl=https://bugs.gentoo.org/ --with-pkgversion='Gentoo 6.4.0-r1 p1.3' --disable-esp --enable-libstdcxx-time --enable-shared --enable-threads=posix --enable-__cxa_atexit --enable-clocale=gnu --enable-multilib --with-multilib-list=m32,m64 --disable-altivec --disable-fixed-point --enable-targets=all --disable-libgcj --enable-libgomp --disable-libmudflap --disable-libssp --disable-libcilkrts --disable-libmpx --enable-vtable-verify --enable-libvtv --enable-lto --without-isl --enable-libsanitizer --enable-default-pie --enable-default-ssp
Thread model: posix
gcc version 6.4.0 (Gentoo 6.4.0-r1 p1.3) 
configure:2842: $? = 0
configure:2831: gcc -V >&5
gcc: error: unrecognized command line option '-V'
gcc: fatal error: no input files
compilation terminated.
configure:2842: $? = 1
configure:2831: gcc -qversion >&5
gcc: error: unrecognized command line option '-qversion'; did you mean '--version'?
gcc: fatal error: no input files
compilation terminated.
configure:2842: $? = 1
configure:2862: checking whether the C compiler works
configure:2884: gcc    conftest.c  >&5
configure:2888: $? = 0
configure:2936: result: yes
configure:2939: checking for C compiler default output file name
configure:2941: result: a.out
configure:2947: checking for suffix of executables
configure:2954: gcc -o conftest    conftest.c  >&5
configure:2958: $? = 0
configure:2980: result: 
configure:3002: checking whether we are cross compiling
configure:3010: gcc -o conftest    conftest.c  >&5
configure:3014: $? = 0
configure:3021: ./conftest
configure:3025: $? = 0
configure:3040: result: no
configure:3045: checking for suffix of object files
configure:3067: gcc -c   conftest.c >&5
configure:3071: $? = 0
configure:3092: result: o
configure:3096: checking whether we are using the GNU C compiler
configure:3115: gcc -c   conftest.c >&5
configure:3115: $? = 0
configure:3124: result: yes
configure:3133: checking whether gcc accepts -g
configure:3153: gcc -c -g  conftest.c >&5
configure:3153: $? = 0
configure:3194: result: yes
configure:3211: checking for gcc option to accept ISO C89
configure:3274: gcc  -c -g -O2  conftest.c >&5
configure:3274: $? = 0
configure:3287: result: none needed
configure:3312: checking whether gcc understands -c and -o together
configure:3334: gcc -c conftest.c -o conftest2.o
configure:3337: $? = 0
configure:3334: gcc -c conftest.c -o conftest2.o
configure:3337: $? = 0
configure:3349: result: yes
configure:3366: checking for a sed that does not truncate output
configure:3430: result: /bin/sed
configure:3448: checking for grep that handles long lines and -e
configure:3506: result: /bin/grep
configure:3511: checking for egrep
configure:3573: result: /bin/grep -E
configure:3578: checking for fgrep
configure:3640: result: /bin/grep -F
configure:3675: checking for ld used by gcc
configure:3742: result: /usr/x86_64-pc-linux-gnu/bin/ld
configure:3749: checking if the linker (/usr/x86_64-pc-linux-gnu/bin/ld) is GNU ld
configure:3764: result: yes
configure:3776: checking for BSD- or MS-compatible name lister (nm)
configure:3830: result: /usr/bin/nm -B
configure:3960: checking the name lister (/usr/bin/nm -B) interface
configure:3967: gcc -c -g -O2  conftest.c >&5
configure:3970: /usr/bin/nm -B "conftest.o"
configure:3973: output
0000000000000000 B some_variable
configure:3980: result: BSD nm
configure:3983: checking whether ln -s works
configure:3987: result: yes
configure:3995: checking the maximum length of command line arguments
configure:4126: result: 1572864
configure:4174: checking how to convert x86_64-unknown-linux-gnu file names to x86_64-unknown-linux-gnu format
configure:4214: result: func_convert_file_noop
configure:4221: checking how to convert x86_64-unknown-linux-gnu file names to toolchain format
configure:4241: result: func_convert_file_noop
configure:4248: checking for /usr/x86_64-pc-linux-gnu/bin/ld option to reload object files
configure:4255: result: -r
configure:4329: checking for objdump
configure:4345: found /usr/bin/objdump
configure:4356: result: objdump
configure:4388: checking how to recognize dependent libraries
configure:4588: result: pass_all
configure:4673: checking for dlltool
configure:4703: result: no
configure:4733: checking how to associate runtime and link libraries
configure:4760: result: printf %s\n
configure:4821: checking for ar
configure:4837: found /usr/bin/ar
configure:4848: result: ar
configure:4885: checking for archiver @FILE support
configure:4902: gcc -c -g -O2  conftest.c >&5
configure:4902: $? = 0
configure:4905: ar cru libconftest.a @conftest.lst >&5
configure:4908: $? = 0
configure:4913: ar cru libconftest.a @conftest.lst >&5
ar: conftest.o: No such file or directory
configure:4916: $? = 1
configure:4928: result: @
configure:4986: checking for strip
configure:5002: found /usr/bin/strip
configure:5013: result: strip
configure:5085: checking for ranlib
configure:5101: found /usr/bin/ranlib
configure:5112: result: ranlib
configure:5189: checking for gawk
configure:5205: found /usr/bin/gawk
configure:5216: result: gawk
configure:5256: checking command to parse /usr/bin/nm -B output from gcc object
configure:5409: gcc -c -g -O2  conftest.c >&5
configure:5412: $? = 0
configure:5416: /usr/bin/nm -B conftest.o \| sed -n -e 's/^.*[ ]\([ABCDGIRSTW][ABCDGIRSTW]*\)[ ][ ]*\([_A-Za-z][_A-Za-z0-9]*\)$/\1 \2 \2/p' | sed '/ __gnu_lto/d' \> conftest.nm
configure:5419: $? = 0
configure:5485: gcc -o conftest -g -O2   conftest.c conftstm.o >&5
configure:5488: $? = 0
configure:5526: result: ok
configure:5573: checking for sysroot
configure:5603: result: no
configure:5610: checking for a working dd
configure:5648: result: /bin/dd
configure:5652: checking how to truncate binary pipes
configure:5667: result: /bin/dd bs=4096 count=1
configure:5803: gcc -c -g -O2  conftest.c >&5
configure:5806: $? = 0
configure:5996: checking for mt
configure:6026: result: no
configure:6046: checking if : is a manifest tool
configure:6052: : '-?'
configure:6060: result: no
configure:6737: checking how to run the C preprocessor
configure:6768: gcc -E  conftest.c
configure:6768: $? = 0
configure:6782: gcc -E  conftest.c
conftest.c:9:28: fatal error: ac_nonexistent.h: No such file or directory
 #include <ac_nonexistent.h>
                            ^
compilation terminated.
configure:6782: $? = 1
configure: failed program was:
| /* confdefs.h */
| #define PACKAGE_NAME "fgr"
| #define PACKAGE_TARNAME "fgr"
| #define PACKAGE_VERSION "5.2.5"
| #define PACKAGE_STRING "fgr 5.2.5"
| #define PACKAGE_BUGREPORT "https://sourceforge.net/p/xffm/bugs/"
| #define PACKAGE_URL ""http://xffm.org/fgr.html""
| /* end confdefs.h.  */
| #include <ac_nonexistent.h>
configure:6807: result: gcc -E
configure:6827: gcc -E  conftest.c
configure:6827: $? = 0
configure:6841: gcc -E  conftest.c
conftest.c:9:28: fatal error: ac_nonexistent.h: No such file or directory
 #include <ac_nonexistent.h>
                            ^
compilation terminated.
configure:6841: $? = 1
configure: failed program was:
| /* confdefs.h */
| #define PACKAGE_NAME "fgr"
| #define PACKAGE_TARNAME "fgr"
| #define PACKAGE_VERSION "5.2.5"
| #define PACKAGE_STRING "fgr 5.2.5"
| #define PACKAGE_BUGREPORT "https://sourceforge.net/p/xffm/bugs/"
| #define PACKAGE_URL ""http://xffm.org/fgr.html""
| /* end confdefs.h.  */
| #include <ac_nonexistent.h>
configure:6870: checking for ANSI C header files
configure:6890: gcc -c -g -O2  conftest.c >&5
configure:6890: $? = 0
configure:6963: gcc -o conftest -g -O2   conftest.c  >&5
configure:6963: $? = 0
configure:6963: ./conftest
configure:6963: $? = 0
configure:6974: result: yes
configure:6987: checking for sys/types.h
configure:6987: gcc -c -g -O2  conftest.c >&5
configure:6987: $? = 0
configure:6987: result: yes
configure:6987: checking for sys/stat.h
configure:6987: gcc -c -g -O2  conftest.c >&5
configure:6987: $? = 0
configure:6987: result: yes
configure:6987: checking for stdlib.h
configure:6987: gcc -c -g -O2  conftest.c >&5
configure:6987: $? = 0
configure:6987: result: yes
configure:6987: checking for string.h
configure:6987: gcc -c -g -O2  conftest.c >&5
configure:6987: $? = 0
configure:6987: result: yes
configure:6987: checking for memory.h
configure:6987: gcc -c -g -O2  conftest.c >&5
configure:6987: $? = 0
configure:6987: result: yes
configure:6987: checking for strings.h
configure:6987: gcc -c -g -O2  conftest.c >&5
configure:6987: $? = 0
configure:6987: result: yes
configure:6987: checking for inttypes.h
configure:6987: gcc -c -g -O2  conftest.c >&5
configure:6987: $? = 0
configure:6987: result: yes
configure:6987: checking for stdint.h
configure:6987: gcc -c -g -O2  conftest.c >&5
configure:6987: $? = 0
configure:6987: result: yes
configure:6987: checking for unistd.h
configure:6987: gcc -c -g -O2  conftest.c >&5
configure:6987: $? = 0
configure:6987: result: yes
configure:7001: checking for dlfcn.h
configure:7001: gcc -c -g -O2  conftest.c >&5
configure:7001: $? = 0
configure:7001: result: yes
configure:7256: checking for objdir
configure:7271: result: .libs
configure:7535: checking if gcc supports -fno-rtti -fno-exceptions
configure:7553: gcc -c -g -O2  -fno-rtti -fno-exceptions conftest.c >&5
cc1: warning: command line option '-fno-rtti' is valid for C++/ObjC++ but not for C
configure:7557: $? = 0
configure:7570: result: no
configure:7928: checking for gcc option to produce PIC
configure:7935: result: -fPIC -DPIC
configure:7943: checking if gcc PIC flag -fPIC -DPIC works
configure:7961: gcc -c -g -O2  -fPIC -DPIC -DPIC conftest.c >&5
configure:7965: $? = 0
configure:7978: result: yes
configure:8007: checking if gcc static flag -static works
configure:8035: result: yes
configure:8050: checking if gcc supports -c -o file.o
configure:8071: gcc -c -g -O2  -o out/conftest2.o conftest.c >&5
configure:8075: $? = 0
configure:8097: result: yes
configure:8105: checking if gcc supports -c -o file.o
configure:8152: result: yes
configure:8185: checking whether the gcc linker (/usr/x86_64-pc-linux-gnu/bin/ld -m elf_x86_64) supports shared libraries
configure:9444: result: yes
configure:9481: checking whether -lc should be explicitly linked in
configure:9489: gcc -c -g -O2  conftest.c >&5
configure:9492: $? = 0
configure:9507: gcc -shared  -fPIC -DPIC conftest.o  -v -Wl,-soname -Wl,conftest -o conftest 2\>\&1 \| /bin/grep  -lc  \>/dev/null 2\>\&1
configure:9510: $? = 0
configure:9524: result: no
configure:9684: checking dynamic linker characteristics
configure:10278: gcc -o conftest -g -O2   -Wl,-rpath -Wl,/foo conftest.c  >&5
configure:10278: $? = 0
configure:10515: result: GNU/Linux ld.so
configure:10637: checking how to hardcode library paths into programs
configure:10662: result: immediate
configure:11210: checking whether stripping libraries is possible
configure:11215: result: yes
configure:11250: checking if libtool supports shared libraries
configure:11252: result: yes
configure:11255: checking whether to build shared libraries
configure:11280: result: yes
configure:11283: checking whether to build static libraries
configure:11287: result: no
configure:11388: No core dumps for you.
configure:11441: No debug for you.
configure:11495: No trace for you.
configure:11500: checking for Linux or BSD
configure:11537: result: System is Linux.
configure:11614: checking distro
configure:11618: result:  not Suse.
configure:11633: checking for gentoo emerge
configure:11637: checking for emerge
configure:11653: found /usr/bin/emerge
configure:11665: result: yes
configure:11682: checking for debian dpkg
configure:11686: checking for dpkg
configure:11714: result: no
configure:11750: checking for a BSD-compatible install
configure:11818: result: /usr/bin/install -c
configure:11829: checking whether build environment is sane
configure:11884: result: yes
configure:12032: checking for a thread-safe mkdir -p
configure:12071: result: /bin/mkdir -p
configure:12074: checking whether make sets $(MAKE)
configure:12096: result: yes
configure:12126: checking for style of include used by make
configure:12154: result: GNU
configure:12263: checking dependency style of gcc
configure:12374: result: gcc3
configure:12436: checking whether to enable maintainer-specific portions of Makefiles
configure:12445: result: no
configure:12460: checking for library containing strerror
configure:12491: gcc -o conftest -O2   conftest.c  >&5
configure:12491: $? = 0
configure:12508: result: none required
configure:12565: checking for gcc
configure:12592: result: gcc
configure:12821: checking for C compiler version
configure:12830: gcc --version >&5
gcc (Gentoo 6.4.0-r1 p1.3) 6.4.0
Copyright (C) 2017 Free Software Foundation, Inc.
This is free software; see the source for copying conditions.  There is NO
warranty; not even for MERCHANTABILITY or FITNESS FOR A PARTICULAR PURPOSE.

configure:12841: $? = 0
configure:12830: gcc -v >&5
Using built-in specs.
COLLECT_GCC=gcc
COLLECT_LTO_WRAPPER=/usr/libexec/gcc/x86_64-pc-linux-gnu/6.4.0/lto-wrapper
Target: x86_64-pc-linux-gnu
Configured with: /var/tmp/portage/sys-devel/gcc-6.4.0-r1/work/gcc-6.4.0/configure --host=x86_64-pc-linux-gnu --build=x86_64-pc-linux-gnu --prefix=/usr --bindir=/usr/x86_64-pc-linux-gnu/gcc-bin/6.4.0 --includedir=/usr/lib/gcc/x86_64-pc-linux-gnu/6.4.0/include --datadir=/usr/share/gcc-data/x86_64-pc-linux-gnu/6.4.0 --mandir=/usr/share/gcc-data/x86_64-pc-linux-gnu/6.4.0/man --infodir=/usr/share/gcc-data/x86_64-pc-linux-gnu/6.4.0/info --with-gxx-include-dir=/usr/lib/gcc/x86_64-pc-linux-gnu/6.4.0/include/g++-v6 --with-python-dir=/share/gcc-data/x86_64-pc-linux-gnu/6.4.0/python --enable-languages=c,c++,fortran --enable-obsolete --enable-secureplt --disable-werror --with-system-zlib --enable-nls --without-included-gettext --enable-checking=release --with-bugurl=https://bugs.gentoo.org/ --with-pkgversion='Gentoo 6.4.0-r1 p1.3' --disable-esp --enable-libstdcxx-time --enable-shared --enable-threads=posix --enable-__cxa_atexit --enable-clocale=gnu --enable-multilib --with-multilib-list=m32,m64 --disable-altivec --disable-fixed-point --enable-targets=all --disable-libgcj --enable-libgomp --disable-libmudflap --disable-libssp --disable-libcilkrts --disable-libmpx --enable-vtable-verify --enable-libvtv --enable-lto --without-isl --enable-libsanitizer --enable-default-pie --enable-default-ssp
Thread model: posix
gcc version 6.4.0 (Gentoo 6.4.0-r1 p1.3) 
configure:12841: $? = 0
configure:12830: gcc -V >&5
gcc: error: unrecognized command line option '-V'
gcc: fatal error: no input files
compilation terminated.
configure:12841: $? = 1
configure:12830: gcc -qversion >&5
gcc: error: unrecognized command line option '-qversion'; did you mean '--version'?
gcc: fatal error: no input files
compilation terminated.
configure:12841: $? = 1
configure:12845: checking whether we are using the GNU C compiler
configure:12873: result: yes
configure:12882: checking whether gcc accepts -g
configure:12943: result: yes
configure:12960: checking for gcc option to accept ISO C89
configure:13036: result: none needed
configure:13061: checking whether gcc understands -c and -o together
configure:13098: result: yes
configure:13163: checking for gcc
configure:13190: result: gcc
configure:13419: checking for C compiler version
configure:13428: gcc --version >&5
gcc (Gentoo 6.4.0-r1 p1.3) 6.4.0
Copyright (C) 2017 Free Software Foundation, Inc.
This is free software; see the source for copying conditions.  There is NO
warranty; not even for MERCHANTABILITY or FITNESS FOR A PARTICULAR PURPOSE.

configure:13439: $? = 0
configure:13428: gcc -v >&5
Using built-in specs.
COLLECT_GCC=gcc
COLLECT_LTO_WRAPPER=/usr/libexec/gcc/x86_64-pc-linux-gnu/6.4.0/lto-wrapper
Target: x86_64-pc-linux-gnu
Configured with: /var/tmp/portage/sys-devel/gcc-6.4.0-r1/work/gcc-6.4.0/configure --host=x86_64-pc-linux-gnu --build=x86_64-pc-linux-gnu --prefix=/usr --bindir=/usr/x86_64-pc-linux-gnu/gcc-bin/6.4.0 --includedir=/usr/lib/gcc/x86_64-pc-linux-gnu/6.4.0/include --datadir=/usr/share/gcc-data/x86_64-pc-linux-gnu/6.4.0 --mandir=/usr/share/gcc-data/x86_64-pc-linux-gnu/6.4.0/man --infodir=/usr/share/gcc-data/x86_64-pc-linux-gnu/6.4.0/info --with-gxx-include-dir=/usr/lib/gcc/x86_64-pc-linux-gnu/6.4.0/include/g++-v6 --with-python-dir=/share/gcc-data/x86_64-pc-linux-gnu/6.4.0/python --enable-languages=c,c++,fortran --enable-obsolete --enable-secureplt --disable-werror --with-system-zlib --enable-nls --without-included-gettext --enable-checking=release --with-bugurl=https://bugs.gentoo.org/ --with-pkgversion='Gentoo 6.4.0-r1 p1.3' --disable-esp --enable-libstdcxx-time --enable-shared --enable-threads=posix --enable-__cxa_atexit --enable-clocale=gnu --enable-multilib --with-multilib-list=m32,m64 --disable-altivec --disable-fixed-point --enable-targets=all --disable-libgcj --enable-libgomp --disable-libmudflap --disable-libssp --disable-libcilkrts --disable-libmpx --enable-vtable-verify --enable-libvtv --enable-lto --without-isl --enable-libsanitizer --enable-default-pie --enable-default-ssp
Thread model: posix
gcc version 6.4.0 (Gentoo 6.4.0-r1 p1.3) 
configure:13439: $? = 0
configure:13428: gcc -V >&5
gcc: error: unrecognized command line option '-V'
gcc: fatal error: no input files
compilation terminated.
configure:13439: $? = 1
configure:13428: gcc -qversion >&5
gcc: error: unrecognized command line option '-qversion'; did you mean '--version'?
gcc: fatal error: no input files
compilation terminated.
configure:13439: $? = 1
configure:13443: checking whether we are using the GNU C compiler
configure:13471: result: yes
configure:13480: checking whether gcc accepts -g
configure:13541: result: yes
configure:13558: checking for gcc option to accept ISO C89
configure:13634: result: none needed
configure:13659: checking whether gcc understands -c and -o together
configure:13696: result: yes
configure:13719: checking whether NLS is requested
configure:13728: result: yes
configure:13756: checking for intltool-update
configure:13774: found /usr/bin/intltool-update
configure:13786: result: /usr/bin/intltool-update
configure:13796: checking for intltool-merge
configure:13814: found /usr/bin/intltool-merge
configure:13826: result: /usr/bin/intltool-merge
configure:13836: checking for intltool-extract
configure:13854: found /usr/bin/intltool-extract
configure:13866: result: /usr/bin/intltool-extract
configure:14020: checking for xgettext
configure:14038: found /usr/bin/xgettext
configure:14050: result: /usr/bin/xgettext
configure:14060: checking for msgmerge
configure:14078: found /usr/bin/msgmerge
configure:14090: result: /usr/bin/msgmerge
configure:14100: checking for msgfmt
configure:14118: found /usr/bin/msgfmt
configure:14130: result: /usr/bin/msgfmt
configure:14140: checking for gmsgfmt
configure:14158: found /usr/bin/gmsgfmt
configure:14171: result: /usr/bin/gmsgfmt
configure:14191: checking for perl
configure:14209: found /usr/bin/perl
configure:14221: result: /usr/bin/perl
configure:14232: checking for perl >= 5.8.1
configure:14239: result: 5.24.3
configure:14243: checking for XML::Parser
configure:14246: result: ok
configure:14271: gcc -o conftest -O2   conftest.c  >&5
configure:14271: $? = 0
configure:14297: checking whether make sets $(MAKE)
configure:14319: result: yes
configure:14329: checking whether sys/types.h defines makedev
configure:14345: gcc -o conftest -O2   conftest.c  >&5
conftest.c: In function 'main':
conftest.c:28:13: warning: In the GNU C Library, "makedev" is defined
 by <sys/sysmacros.h>. For historical compatibility, it is
 currently defined by <sys/types.h> as well, but we plan to
 remove this soon. To use "makedev", include <sys/sysmacros.h>
 directly. If you did not intend to use a system-defined macro
 "makedev", you should undefine it after including <sys/types.h>.
 return makedev(0, 0);
             ^~~~~~~~~                                                                                                                                                                                                                                                                                                                                                                     
configure:14345: $? = 0
configure:14354: result: yes
configure:14379: checking for ANSI C header files
configure:14483: result: yes
configure:14494: checking stdio.h usability
configure:14494: gcc -c -O2  conftest.c >&5
configure:14494: $? = 0
configure:14494: result: yes
configure:14494: checking stdio.h presence
configure:14494: gcc -E  conftest.c
configure:14494: $? = 0
configure:14494: result: yes
configure:14494: checking for stdio.h
configure:14494: result: yes
configure:14494: checking for stdlib.h
configure:14494: result: yes
configure:14494: checking for unistd.h
configure:14494: result: yes
configure:14494: checking for string.h
configure:14494: result: yes
configure:14494: checking stdarg.h usability
configure:14494: gcc -c -O2  conftest.c >&5
configure:14494: $? = 0
configure:14494: result: yes
configure:14494: checking stdarg.h presence
configure:14494: gcc -E  conftest.c
configure:14494: $? = 0
configure:14494: result: yes
configure:14494: checking for stdarg.h
configure:14494: result: yes
configure:14494: checking glob.h usability
configure:14494: gcc -c -O2  conftest.c >&5
configure:14494: $? = 0
configure:14494: result: yes
configure:14494: checking glob.h presence
configure:14494: gcc -E  conftest.c
configure:14494: $? = 0
configure:14494: result: yes
configure:14494: checking for glob.h
configure:14494: result: yes
configure:14494: checking for sys/types.h
configure:14494: result: yes
configure:14494: checking for sys/stat.h
configure:14494: result: yes
configure:14494: checking sys/wait.h usability
configure:14494: gcc -c -O2  conftest.c >&5
configure:14494: $? = 0
configure:14494: result: yes
configure:14494: checking sys/wait.h presence
configure:14494: gcc -E  conftest.c
configure:14494: $? = 0
configure:14494: result: yes
configure:14494: checking for sys/wait.h
configure:14494: result: yes
configure:14494: checking sys/signal.h usability
configure:14494: gcc -c -O2  conftest.c >&5
configure:14494: $? = 0
configure:14494: result: yes
configure:14494: checking sys/signal.h presence
configure:14494: gcc -E  conftest.c
configure:14494: $? = 0
configure:14494: result: yes
configure:14494: checking for sys/signal.h
configure:14494: result: yes
configure:14494: checking time.h usability
configure:14494: gcc -c -O2  conftest.c >&5
configure:14494: $? = 0
configure:14494: result: yes
configure:14494: checking time.h presence
configure:14494: gcc -E  conftest.c
configure:14494: $? = 0
configure:14494: result: yes
configure:14494: checking for time.h
configure:14494: result: yes
configure:14494: checking errno.h usability
configure:14494: gcc -c -O2  conftest.c >&5
configure:14494: $? = 0
configure:14494: result: yes
configure:14494: checking errno.h presence
configure:14494: gcc -E  conftest.c
configure:14494: $? = 0
configure:14494: result: yes
configure:14494: checking for errno.h
configure:14494: result: yes
configure:14519: checking locale.h usability
configure:14519: gcc -c -O2  conftest.c >&5
configure:14519: $? = 0
configure:14519: result: yes
configure:14519: checking locale.h presence
configure:14519: gcc -E  conftest.c
configure:14519: $? = 0
configure:14519: result: yes
configure:14519: checking for locale.h
configure:14519: result: yes
configure:14530: checking for LC_MESSAGES
configure:14546: gcc -o conftest -O2   conftest.c  >&5
configure:14546: $? = 0
configure:14554: result: yes
configure:14572: checking for CFPreferencesCopyAppValue
configure:14590: gcc -o conftest -O2   conftest.c  -Wl,-framework -Wl,CoreFoundation >&5
conftest.c:40:42: fatal error: CoreFoundation/CFPreferences.h: No such file or directory
 #include <CoreFoundation/CFPreferences.h>
                                          ^
compilation terminated.
configure:14590: $? = 1
configure: failed program was:
| /* confdefs.h */
| #define PACKAGE_NAME "fgr"
| #define PACKAGE_TARNAME "fgr"
| #define PACKAGE_VERSION "5.2.5"
| #define PACKAGE_STRING "fgr 5.2.5"
| #define PACKAGE_BUGREPORT "https://sourceforge.net/p/xffm/bugs/"
| #define PACKAGE_URL ""http://xffm.org/fgr.html""
| #define STDC_HEADERS 1
| #define HAVE_SYS_TYPES_H 1
| #define HAVE_SYS_STAT_H 1
| #define HAVE_STDLIB_H 1
| #define HAVE_STRING_H 1
| #define HAVE_MEMORY_H 1
| #define HAVE_STRINGS_H 1
| #define HAVE_INTTYPES_H 1
| #define HAVE_STDINT_H 1
| #define HAVE_UNISTD_H 1
| #define HAVE_DLFCN_H 1
| #define LT_OBJDIR ".libs/"
| #define THIS_IS_LINUX 1
| #define PACKAGE "fgr"
| #define VERSION "5.2.5"
| #define STDC_HEADERS 1
| #define HAVE_STDIO_H 1
| #define HAVE_STDLIB_H 1
| #define HAVE_UNISTD_H 1
| #define HAVE_STRING_H 1
| #define HAVE_STDARG_H 1
| #define HAVE_GLOB_H 1
| #define HAVE_SYS_TYPES_H 1
| #define HAVE_SYS_STAT_H 1
| #define HAVE_SYS_WAIT_H 1
| #define HAVE_SYS_SIGNAL_H 1
| #define HAVE_TIME_H 1
| #define HAVE_ERRNO_H 1
| #define GETTEXT_PACKAGE "fgr"
| #define HAVE_LOCALE_H 1
| #define HAVE_LC_MESSAGES 1
| /* end confdefs.h.  */
| #include <CoreFoundation/CFPreferences.h>
| int
| main ()
| {
| CFPreferencesCopyAppValue(NULL, NULL)
|   ;
|   return 0;
| }
configure:14599: result: no
configure:14606: checking for CFLocaleCopyCurrent
configure:14624: gcc -o conftest -O2   conftest.c  -Wl,-framework -Wl,CoreFoundation >&5
conftest.c:40:37: fatal error: CoreFoundation/CFLocale.h: No such file or directory
 #include <CoreFoundation/CFLocale.h>
                                     ^
compilation terminated.
configure:14624: $? = 1
configure: failed program was:
| /* confdefs.h */
| #define PACKAGE_NAME "fgr"
| #define PACKAGE_TARNAME "fgr"
| #define PACKAGE_VERSION "5.2.5"
| #define PACKAGE_STRING "fgr 5.2.5"
| #define PACKAGE_BUGREPORT "https://sourceforge.net/p/xffm/bugs/"
| #define PACKAGE_URL ""http://xffm.org/fgr.html""
| #define STDC_HEADERS 1
| #define HAVE_SYS_TYPES_H 1
| #define HAVE_SYS_STAT_H 1
| #define HAVE_STDLIB_H 1
| #define HAVE_STRING_H 1
| #define HAVE_MEMORY_H 1
| #define HAVE_STRINGS_H 1
| #define HAVE_INTTYPES_H 1
| #define HAVE_STDINT_H 1
| #define HAVE_UNISTD_H 1
| #define HAVE_DLFCN_H 1
| #define LT_OBJDIR ".libs/"
| #define THIS_IS_LINUX 1
| #define PACKAGE "fgr"
| #define VERSION "5.2.5"
| #define STDC_HEADERS 1
| #define HAVE_STDIO_H 1
| #define HAVE_STDLIB_H 1
| #define HAVE_UNISTD_H 1
| #define HAVE_STRING_H 1
| #define HAVE_STDARG_H 1
| #define HAVE_GLOB_H 1
| #define HAVE_SYS_TYPES_H 1
| #define HAVE_SYS_STAT_H 1
| #define HAVE_SYS_WAIT_H 1
| #define HAVE_SYS_SIGNAL_H 1
| #define HAVE_TIME_H 1
| #define HAVE_ERRNO_H 1
| #define GETTEXT_PACKAGE "fgr"
| #define HAVE_LOCALE_H 1
| #define HAVE_LC_MESSAGES 1
| /* end confdefs.h.  */
| #include <CoreFoundation/CFLocale.h>
| int
| main ()
| {
| CFLocaleCopyCurrent();
|   ;
|   return 0;
| }
configure:14633: result: no
configure:14647: checking libintl.h usability
configure:14647: gcc -c -O2  conftest.c >&5
configure:14647: $? = 0
configure:14647: result: yes
configure:14647: checking libintl.h presence
configure:14647: gcc -E  conftest.c
configure:14647: $? = 0
configure:14647: result: yes
configure:14647: checking for libintl.h
configure:14647: result: yes
configure:14655: checking for ngettext in libc
configure:14673: gcc -o conftest -O2   conftest.c  >&5
configure:14673: $? = 0
configure:14682: result: yes
configure:14686: checking for dgettext in libc
configure:14704: gcc -o conftest -O2   conftest.c  >&5
configure:14704: $? = 0
configure:14713: result: yes
configure:14720: checking for bind_textdomain_codeset
configure:14720: gcc -o conftest -O2   conftest.c  >&5
configure:14720: $? = 0
configure:14720: result: yes
configure:14996: checking for msgfmt
configure:15023: result: /usr/bin/msgfmt
configure:15034: checking for dcgettext
configure:15034: gcc -o conftest -O2   conftest.c   >&5
conftest.c:65:6: warning: conflicting types for built-in function 'dcgettext'
 char dcgettext ();
      ^~~~~~~~~
configure:15034: $? = 0
configure:15034: result: yes
configure:15044: checking if msgfmt accepts -c
configure:15059: $MSGFMT -c -o /dev/null conftest.foo
conftest.foo:3: warning: header field 'Language' missing in header
configure:15062: $? = 0
configure:15064: result: yes
configure:15074: checking for gmsgfmt
configure:15105: result: /usr/bin/gmsgfmt
configure:15115: checking for xgettext
configure:15142: result: /usr/bin/xgettext
configure:15161: gcc -o conftest -O2   conftest.c   >&5
configure:15161: $? = 0
configure:15243: checking for catalogs to be installed
configure:15268: result:  af ar as ast az be bg bn br bs ca crh csb cs cy da de dz el en_CA en_GB eo es et eu fa fi fr fy ga gl gu he hi hne hr hsb hu hy ia id is it ja ka km kn ko ku lt lv mai mk ml mr ms nb nds ne nl nn oc or pa pl ps pt_BR pt ro ru si sk sl sq sr sv ta te tg th tr ug uk uz vi wa xh zh_CN zh_HK zh zh_TW.Big5 zh_TW
configure:15301: checking for bind_textdomain_codeset
configure:15301: result: yes
configure:15307: checking for locales directory
configure:15323: result: ${datarootdir}/locale
configure:15327: checking for additional xgettext flags
configure:15335: result: --keyword=Q_
configure:15340: checking whether byte ordering is bigendian
configure:15355: gcc -c -O2  conftest.c >&5
conftest.c:45:9: error: unknown type name 'not'
         not a universal capable compiler
         ^~~
conftest.c:45:15: error: expected '=', ',', ';', 'asm' or '__attribute__' before 'universal'
         not a universal capable compiler
               ^~~~~~~~~
conftest.c:45:15: error: unknown type name 'universal'
configure:15355: $? = 1
configure: failed program was:
| /* confdefs.h */
| #define PACKAGE_NAME "fgr"
| #define PACKAGE_TARNAME "fgr"
| #define PACKAGE_VERSION "5.2.5"
| #define PACKAGE_STRING "fgr 5.2.5"
| #define PACKAGE_BUGREPORT "https://sourceforge.net/p/xffm/bugs/"
| #define PACKAGE_URL ""http://xffm.org/fgr.html""
| #define STDC_HEADERS 1
| #define HAVE_SYS_TYPES_H 1
| #define HAVE_SYS_STAT_H 1
| #define HAVE_STDLIB_H 1
| #define HAVE_STRING_H 1
| #define HAVE_MEMORY_H 1
| #define HAVE_STRINGS_H 1
| #define HAVE_INTTYPES_H 1
| #define HAVE_STDINT_H 1
| #define HAVE_UNISTD_H 1
| #define HAVE_DLFCN_H 1
| #define LT_OBJDIR ".libs/"
| #define THIS_IS_LINUX 1
| #define PACKAGE "fgr"
| #define VERSION "5.2.5"
| #define STDC_HEADERS 1
| #define HAVE_STDIO_H 1
| #define HAVE_STDLIB_H 1
| #define HAVE_UNISTD_H 1
| #define HAVE_STRING_H 1
| #define HAVE_STDARG_H 1
| #define HAVE_GLOB_H 1
| #define HAVE_SYS_TYPES_H 1
| #define HAVE_SYS_STAT_H 1
| #define HAVE_SYS_WAIT_H 1
| #define HAVE_SYS_SIGNAL_H 1
| #define HAVE_TIME_H 1
| #define HAVE_ERRNO_H 1
| #define GETTEXT_PACKAGE "fgr"
| #define HAVE_LOCALE_H 1
| #define HAVE_LC_MESSAGES 1
| #define HAVE_BIND_TEXTDOMAIN_CODESET 1
| #define HAVE_GETTEXT 1
| #define HAVE_DCGETTEXT 1
| #define ENABLE_NLS 1
| /* end confdefs.h.  */
| #ifndef __APPLE_CC__
| 	       not a universal capable compiler
| 	     #endif
| 	     typedef int dummy;
| 
configure:15400: gcc -c -O2  conftest.c >&5
configure:15400: $? = 0
configure:15418: gcc -c -O2  conftest.c >&5
conftest.c: In function 'main':
conftest.c:51:4: error: unknown type name 'not'
    not big endian
    ^~~
conftest.c:51:12: error: expected '=', ',', ';', 'asm' or '__attribute__' before 'endian'
    not big endian
            ^~~~~~
configure:15418: $? = 1
configure: failed program was:
| /* confdefs.h */
| #define PACKAGE_NAME "fgr"
| #define PACKAGE_TARNAME "fgr"
| #define PACKAGE_VERSION "5.2.5"
| #define PACKAGE_STRING "fgr 5.2.5"
| #define PACKAGE_BUGREPORT "https://sourceforge.net/p/xffm/bugs/"
| #define PACKAGE_URL ""http://xffm.org/fgr.html""
| #define STDC_HEADERS 1
| #define HAVE_SYS_TYPES_H 1
| #define HAVE_SYS_STAT_H 1
| #define HAVE_STDLIB_H 1
| #define HAVE_STRING_H 1
| #define HAVE_MEMORY_H 1
| #define HAVE_STRINGS_H 1
| #define HAVE_INTTYPES_H 1
| #define HAVE_STDINT_H 1
| #define HAVE_UNISTD_H 1
| #define HAVE_DLFCN_H 1
| #define LT_OBJDIR ".libs/"
| #define THIS_IS_LINUX 1
| #define PACKAGE "fgr"
| #define VERSION "5.2.5"
| #define STDC_HEADERS 1
| #define HAVE_STDIO_H 1
| #define HAVE_STDLIB_H 1
| #define HAVE_UNISTD_H 1
| #define HAVE_STRING_H 1
| #define HAVE_STDARG_H 1
| #define HAVE_GLOB_H 1
| #define HAVE_SYS_TYPES_H 1
| #define HAVE_SYS_STAT_H 1
| #define HAVE_SYS_WAIT_H 1
| #define HAVE_SYS_SIGNAL_H 1
| #define HAVE_TIME_H 1
| #define HAVE_ERRNO_H 1
| #define GETTEXT_PACKAGE "fgr"
| #define HAVE_LOCALE_H 1
| #define HAVE_LC_MESSAGES 1
| #define HAVE_BIND_TEXTDOMAIN_CODESET 1
| #define HAVE_GETTEXT 1
| #define HAVE_DCGETTEXT 1
| #define ENABLE_NLS 1
| /* end confdefs.h.  */
| #include <sys/types.h>
| 		#include <sys/param.h>
| 
| int
| main ()
| {
| #if BYTE_ORDER != BIG_ENDIAN
| 		 not big endian
| 		#endif
| 
|   ;
|   return 0;
| }
configure:15546: result: no
configure:15564: checking for an ANSI C-conforming const
configure:15630: gcc -c -O2  conftest.c >&5
configure:15630: $? = 0
configure:15637: result: yes
configure:15645: checking for inline
configure:15661: gcc -c -O2  conftest.c >&5
configure:15661: $? = 0
configure:15669: result: inline
configure:15689: checking for long double with more range or precision than double
configure:15725: gcc -c -O2  conftest.c >&5
configure:15725: $? = 0
configure:15732: result: yes
configure:15747: checking for working volatile
configure:15766: gcc -c -O2  conftest.c >&5
configure:15766: $? = 0
configure:15773: result: yes
configure:15784: checking for signal
configure:15784: gcc -o conftest -O2   conftest.c  >&5
configure:15784: $? = 0
configure:15784: result: yes
configure:15795: checking for sigaction
configure:15795: gcc -o conftest -O2   conftest.c  >&5
configure:15795: $? = 0
configure:15795: result: yes
configure:15808: checking for GNU grep
configure:15821: result: found
configure:15961: checking that generated files are newer than configure
configure:15967: result: done
configure:16003: creating ./config.status

## ---------------------- ##
## Running config.status. ##
## ---------------------- ##

This file was extended by fgr config.status 5.2.5, which was
generated by GNU Autoconf 2.69.  Invocation command line was

  CONFIG_FILES    = 
  CONFIG_HEADERS  = 
  CONFIG_LINKS    = 
  CONFIG_COMMANDS = 
  $ ./config.status 

on cancer

config.status:1232: creating Makefile
config.status:1232: creating fgr.spec
config.status:1232: creating po/POTFILES
config.status:1232: creating po/Makefile.in
config.status:1232: creating src/Makefile
config.status:1232: creating man/Makefile
config.status:1232: creating config.h
config.status:1461: executing libtool commands
config.status:1461: executing depfiles commands
config.status:1461: executing default-1 commands
config.status:1461: executing po/stamp-it commands

## ---------------- ##
## Cache variables. ##
## ---------------- ##

ac_cv_build=x86_64-unknown-linux-gnu
ac_cv_c_bigendian=no
ac_cv_c_compiler_gnu=yes
ac_cv_c_const=yes
ac_cv_c_inline=inline
ac_cv_c_long_double=yes
ac_cv_c_volatile=yes
ac_cv_env_CC_set=
ac_cv_env_CC_value=
ac_cv_env_CFLAGS_set=
ac_cv_env_CFLAGS_value=
ac_cv_env_CPPFLAGS_set=
ac_cv_env_CPPFLAGS_value=
ac_cv_env_CPP_set=
ac_cv_env_CPP_value=
ac_cv_env_LDFLAGS_set=
ac_cv_env_LDFLAGS_value=
ac_cv_env_LIBS_set=
ac_cv_env_LIBS_value=
ac_cv_env_LT_SYS_LIBRARY_PATH_set=
ac_cv_env_LT_SYS_LIBRARY_PATH_value=
ac_cv_env_build_alias_set=
ac_cv_env_build_alias_value=
ac_cv_env_host_alias_set=
ac_cv_env_host_alias_value=
ac_cv_env_target_alias_set=
ac_cv_env_target_alias_value=
ac_cv_func_bind_textdomain_codeset=yes
ac_cv_func_dcgettext=yes
ac_cv_func_sigaction=yes
ac_cv_func_signal=yes
ac_cv_header_dlfcn_h=yes
ac_cv_header_errno_h=yes
ac_cv_header_glob_h=yes
ac_cv_header_inttypes_h=yes
ac_cv_header_libintl_h=yes
ac_cv_header_locale_h=yes
ac_cv_header_memory_h=yes
ac_cv_header_stdarg_h=yes
ac_cv_header_stdc=yes
ac_cv_header_stdint_h=yes
ac_cv_header_stdio_h=yes
ac_cv_header_stdlib_h=yes
ac_cv_header_string_h=yes
ac_cv_header_strings_h=yes
ac_cv_header_sys_signal_h=yes
ac_cv_header_sys_stat_h=yes
ac_cv_header_sys_types_h=yes
ac_cv_header_sys_types_h_makedev=yes
ac_cv_header_sys_wait_h=yes
ac_cv_header_time_h=yes
ac_cv_header_unistd_h=yes
ac_cv_host=x86_64-unknown-linux-gnu
ac_cv_objext=o
ac_cv_path_EGREP='/bin/grep -E'
ac_cv_path_FGREP='/bin/grep -F'
ac_cv_path_GMSGFMT=/usr/bin/gmsgfmt
ac_cv_path_GREP=/bin/grep
ac_cv_path_INTLTOOL_EXTRACT=/usr/bin/intltool-extract
ac_cv_path_INTLTOOL_MERGE=/usr/bin/intltool-merge
ac_cv_path_INTLTOOL_PERL=/usr/bin/perl
ac_cv_path_INTLTOOL_UPDATE=/usr/bin/intltool-update
ac_cv_path_MSGFMT=/usr/bin/msgfmt
ac_cv_path_MSGMERGE=/usr/bin/msgmerge
ac_cv_path_SED=/bin/sed
ac_cv_path_XGETTEXT=/usr/bin/xgettext
ac_cv_path_install='/usr/bin/install -c'
ac_cv_path_lt_DD=/bin/dd
ac_cv_path_mkdir=/bin/mkdir
ac_cv_prog_AWK=gawk
ac_cv_prog_CPP='gcc -E'
ac_cv_prog_ac_ct_AR=ar
ac_cv_prog_ac_ct_CC=gcc
ac_cv_prog_ac_ct_OBJDUMP=objdump
ac_cv_prog_ac_ct_RANLIB=ranlib
ac_cv_prog_ac_ct_STRIP=strip
ac_cv_prog_cc_c89=
ac_cv_prog_cc_g=yes
ac_cv_prog_cv_dpkg=no
ac_cv_prog_cv_emerge=yes
ac_cv_prog_make_make_set=yes
ac_cv_search_strerror='none required'
ac_cv_type_long_double_wider=yes
am_cv_CC_dependencies_compiler_type=gcc3
am_cv_prog_cc_c_o=yes
am_cv_prog_cc_stdc=
am_cv_val_LC_MESSAGES=yes
gt_cv_func_CFLocaleCopyCurrent=no
gt_cv_func_CFPreferencesCopyAppValue=no
gt_cv_func_dgettext_libc=yes
gt_cv_func_dgettext_libintl=no
gt_cv_func_ngettext_libc=yes
gt_cv_have_gettext=yes
lt_cv_ar_at_file=@
lt_cv_archive_cmds_need_lc=no
lt_cv_deplibs_check_method=pass_all
lt_cv_file_magic_cmd='$MAGIC_CMD'
lt_cv_file_magic_test_file=
lt_cv_ld_reload_flag=-r
lt_cv_nm_interface='BSD nm'
lt_cv_objdir=.libs
lt_cv_path_LD=/usr/x86_64-pc-linux-gnu/bin/ld
lt_cv_path_NM='/usr/bin/nm -B'
lt_cv_path_mainfest_tool=no
lt_cv_prog_compiler_c_o=yes
lt_cv_prog_compiler_pic='-fPIC -DPIC'
lt_cv_prog_compiler_pic_works=yes
lt_cv_prog_compiler_rtti_exceptions=no
lt_cv_prog_compiler_static_works=yes
lt_cv_prog_gnu_ld=yes
lt_cv_sharedlib_from_linklib_cmd='printf %s\n'
lt_cv_shlibpath_overrides_runpath=yes
lt_cv_sys_global_symbol_pipe='sed -n -e '\''s/^.*[	 ]\([ABCDGIRSTW][ABCDGIRSTW]*\)[	 ][	 ]*\([_A-Za-z][_A-Za-z0-9]*\)$/\1 \2 \2/p'\'' | sed '\''/ __gnu_lto/d'\'''
lt_cv_sys_global_symbol_to_c_name_address='sed -n -e '\''s/^: \(.*\) .*$/  {"\1", (void *) 0},/p'\'' -e '\''s/^[ABCDGIRSTW][ABCDGIRSTW]* .* \(.*\)$/  {"\1", (void *) \&\1},/p'\'''
lt_cv_sys_global_symbol_to_c_name_address_lib_prefix='sed -n -e '\''s/^: \(.*\) .*$/  {"\1", (void *) 0},/p'\'' -e '\''s/^[ABCDGIRSTW][ABCDGIRSTW]* .* \(lib.*\)$/  {"\1", (void *) \&\1},/p'\'' -e '\''s/^[ABCDGIRSTW][ABCDGIRSTW]* .* \(.*\)$/  {"lib\1", (void *) \&\1},/p'\'''
lt_cv_sys_global_symbol_to_cdecl='sed -n -e '\''s/^T .* \(.*\)$/extern int \1();/p'\'' -e '\''s/^[ABCDGIRSTW][ABCDGIRSTW]* .* \(.*\)$/extern char \1;/p'\'''
lt_cv_sys_global_symbol_to_import=
lt_cv_sys_max_cmd_len=1572864
lt_cv_to_host_file_cmd=func_convert_file_noop
lt_cv_to_tool_file_cmd=func_convert_file_noop
lt_cv_truncate_bin='/bin/dd bs=4096 count=1'

## ----------------- ##
## Output variables. ##
## ----------------- ##

ACLOCAL='${SHELL} /home/GIT/xffm/rodent/apps/fgr/missing aclocal-1.15'
ALL_LINGUAS='af ar as ast az be bg bn br bs ca crh csb cs cy da de dz el en_CA en_GB eo es et eu fa fi fr fy ga gl gu he hi hne hr hsb hu hy ia id is it ja ka km kn ko ku lt lv mai mk ml mr ms nb nds ne nl nn oc or pa pl ps pt_BR pt ro ru si sk sl sq  sr sv ta te tg th  tr ug uk uz vi wa xh zh_CN zh_HK zh zh_TW.Big5 zh_TW '
AMDEPBACKSLASH='\'
AMDEP_FALSE='#'
AMDEP_TRUE=''
AMTAR='$${TAR-tar}'
AM_BACKSLASH='\'
AM_DEFAULT_VERBOSITY='1'
AR='ar'
AUTOCONF='${SHELL} /home/GIT/xffm/rodent/apps/fgr/missing autoconf'
AUTOHEADER='${SHELL} /home/GIT/xffm/rodent/apps/fgr/missing autoheader'
AUTOMAKE='${SHELL} /home/GIT/xffm/rodent/apps/fgr/missing automake-1.15'
AWK='gawk'
CATALOGS=' af.gmo ar.gmo as.gmo ast.gmo az.gmo be.gmo bg.gmo bn.gmo br.gmo bs.gmo ca.gmo crh.gmo csb.gmo cs.gmo cy.gmo da.gmo de.gmo dz.gmo el.gmo en_CA.gmo en_GB.gmo eo.gmo es.gmo et.gmo eu.gmo fa.gmo fi.gmo fr.gmo fy.gmo ga.gmo gl.gmo gu.gmo he.gmo hi.gmo hne.gmo hr.gmo hsb.gmo hu.gmo hy.gmo ia.gmo id.gmo is.gmo it.gmo ja.gmo ka.gmo km.gmo kn.gmo ko.gmo ku.gmo lt.gmo lv.gmo mai.gmo mk.gmo ml.gmo mr.gmo ms.gmo nb.gmo nds.gmo ne.gmo nl.gmo nn.gmo oc.gmo or.gmo pa.gmo pl.gmo ps.gmo pt_BR.gmo pt.gmo ro.gmo ru.gmo si.gmo sk.gmo sl.gmo sq.gmo sr.gmo sv.gmo ta.gmo te.gmo tg.gmo th.gmo tr.gmo ug.gmo uk.gmo uz.gmo vi.gmo wa.gmo xh.gmo zh_CN.gmo zh_HK.gmo zh.gmo zh_TW.Big5.gmo zh_TW.gmo'
CATOBJEXT='.gmo'
CC='gcc'
CCDEPMODE='depmode=gcc3'
CFLAGS='-O2'
CORE=''
CPP='gcc -E'
CPPFLAGS=''
CYGPATH_W='echo'
DATADIRNAME='share'
DEBUG=''
DEBUG_TRACE=''
DEFS='-DHAVE_CONFIG_H'
DEPDIR='.deps'
DISTRO_X='libSM-devel'
DISTRO_X_VERSION='1.2'
DLLTOOL='false'
DSYMUTIL=''
DUMPBIN=''
ECHO_C=''
ECHO_N='-n'
ECHO_T=''
EGREP='/bin/grep -E'
EXEEXT=''
FGREP='/bin/grep -F'
GETTEXT_PACKAGE='fgr'
GMOFILES=' af.gmo ar.gmo as.gmo ast.gmo az.gmo be.gmo bg.gmo bn.gmo br.gmo bs.gmo ca.gmo crh.gmo csb.gmo cs.gmo cy.gmo da.gmo de.gmo dz.gmo el.gmo en_CA.gmo en_GB.gmo eo.gmo es.gmo et.gmo eu.gmo fa.gmo fi.gmo fr.gmo fy.gmo ga.gmo gl.gmo gu.gmo he.gmo hi.gmo hne.gmo hr.gmo hsb.gmo hu.gmo hy.gmo ia.gmo id.gmo is.gmo it.gmo ja.gmo ka.gmo km.gmo kn.gmo ko.gmo ku.gmo lt.gmo lv.gmo mai.gmo mk.gmo ml.gmo mr.gmo ms.gmo nb.gmo nds.gmo ne.gmo nl.gmo nn.gmo oc.gmo or.gmo pa.gmo pl.gmo ps.gmo pt_BR.gmo pt.gmo ro.gmo ru.gmo si.gmo sk.gmo sl.gmo sq.gmo sr.gmo sv.gmo ta.gmo te.gmo tg.gmo th.gmo tr.gmo ug.gmo uk.gmo uz.gmo vi.gmo wa.gmo xh.gmo zh_CN.gmo zh_HK.gmo zh.gmo zh_TW.Big5.gmo zh_TW.gmo'
GMSGFMT='/usr/bin/gmsgfmt'
GREP='/bin/grep'
HAVE_GNU_GREP_FALSE=''
HAVE_GNU_GREP_TRUE='#'
HOMEPAGE='http://xffm.org/fgr.html'
INSTALL_DATA='${INSTALL} -m 644'
INSTALL_PROGRAM='${INSTALL}'
INSTALL_SCRIPT='${INSTALL}'
INSTALL_STRIP_PROGRAM='$(install_sh) -c -s'
INSTOBJEXT='.mo'
INTLLIBS=''
INTLTOOL_CAVES_RULE='%.caves:     %.caves.in     $(INTLTOOL_MERGE) $(wildcard $(top_srcdir)/po/*.po) ; $(INTLTOOL_V_MERGE)LC_ALL=C $(INTLTOOL_MERGE) $(INTLTOOL_V_MERGE_OPTIONS) -d -u -c $(top_builddir)/po/.intltool-merge-cache $(top_srcdir)/po $< $@'
INTLTOOL_DESKTOP_RULE='%.desktop:   %.desktop.in   $(INTLTOOL_MERGE) $(wildcard $(top_srcdir)/po/*.po) ; $(INTLTOOL_V_MERGE)LC_ALL=C $(INTLTOOL_MERGE) $(INTLTOOL_V_MERGE_OPTIONS) -d -u -c $(top_builddir)/po/.intltool-merge-cache $(top_srcdir)/po $< $@'
INTLTOOL_DIRECTORY_RULE='%.directory: %.directory.in $(INTLTOOL_MERGE) $(wildcard $(top_srcdir)/po/*.po) ; $(INTLTOOL_V_MERGE)LC_ALL=C $(INTLTOOL_MERGE) $(INTLTOOL_V_MERGE_OPTIONS) -d -u -c $(top_builddir)/po/.intltool-merge-cache $(top_srcdir)/po $< $@'
INTLTOOL_EXTRACT='/usr/bin/intltool-extract'
INTLTOOL_KBD_RULE='%.kbd:       %.kbd.in       $(INTLTOOL_MERGE) $(wildcard $(top_srcdir)/po/*.po) ; $(INTLTOOL_V_MERGE)LC_ALL=C $(INTLTOOL_MERGE) $(INTLTOOL_V_MERGE_OPTIONS) -x -u -m -c $(top_builddir)/po/.intltool-merge-cache $(top_srcdir)/po $< $@'
INTLTOOL_KEYS_RULE='%.keys:      %.keys.in      $(INTLTOOL_MERGE) $(wildcard $(top_srcdir)/po/*.po) ; $(INTLTOOL_V_MERGE)LC_ALL=C $(INTLTOOL_MERGE) $(INTLTOOL_V_MERGE_OPTIONS) -k -u -c $(top_builddir)/po/.intltool-merge-cache $(top_srcdir)/po $< $@'
INTLTOOL_MERGE='/usr/bin/intltool-merge'
INTLTOOL_OAF_RULE='%.oaf:       %.oaf.in       $(INTLTOOL_MERGE) $(wildcard $(top_srcdir)/po/*.po) ; $(INTLTOOL_V_MERGE)LC_ALL=C $(INTLTOOL_MERGE) $(INTLTOOL_V_MERGE_OPTIONS) -o -p $(top_srcdir)/po $< $@'
INTLTOOL_PERL='/usr/bin/perl'
INTLTOOL_POLICY_RULE='%.policy:    %.policy.in    $(INTLTOOL_MERGE) $(wildcard $(top_srcdir)/po/*.po) ; $(INTLTOOL_V_MERGE)LC_ALL=C $(INTLTOOL_MERGE) $(INTLTOOL_V_MERGE_OPTIONS) -x -u -c $(top_builddir)/po/.intltool-merge-cache $(top_srcdir)/po $< $@'
INTLTOOL_PONG_RULE='%.pong:      %.pong.in      $(INTLTOOL_MERGE) $(wildcard $(top_srcdir)/po/*.po) ; $(INTLTOOL_V_MERGE)LC_ALL=C $(INTLTOOL_MERGE) $(INTLTOOL_V_MERGE_OPTIONS) -x -u -c $(top_builddir)/po/.intltool-merge-cache $(top_srcdir)/po $< $@'
INTLTOOL_PROP_RULE='%.prop:      %.prop.in      $(INTLTOOL_MERGE) $(wildcard $(top_srcdir)/po/*.po) ; $(INTLTOOL_V_MERGE)LC_ALL=C $(INTLTOOL_MERGE) $(INTLTOOL_V_MERGE_OPTIONS) -d -u -c $(top_builddir)/po/.intltool-merge-cache $(top_srcdir)/po $< $@'
INTLTOOL_SCHEMAS_RULE='%.schemas:   %.schemas.in   $(INTLTOOL_MERGE) $(wildcard $(top_srcdir)/po/*.po) ; $(INTLTOOL_V_MERGE)LC_ALL=C $(INTLTOOL_MERGE) $(INTLTOOL_V_MERGE_OPTIONS) -s -u -c $(top_builddir)/po/.intltool-merge-cache $(top_srcdir)/po $< $@'
INTLTOOL_SERVER_RULE='%.server:    %.server.in    $(INTLTOOL_MERGE) $(wildcard $(top_srcdir)/po/*.po) ; $(INTLTOOL_V_MERGE)LC_ALL=C $(INTLTOOL_MERGE) $(INTLTOOL_V_MERGE_OPTIONS) -o -u -c $(top_builddir)/po/.intltool-merge-cache $(top_srcdir)/po $< $@'
INTLTOOL_SERVICE_RULE='%.service: %.service.in   $(INTLTOOL_MERGE) $(wildcard $(top_srcdir)/po/*.po) ; $(INTLTOOL_V_MERGE)LC_ALL=C $(INTLTOOL_MERGE) $(INTLTOOL_V_MERGE_OPTIONS) -d -u -c $(top_builddir)/po/.intltool-merge-cache $(top_srcdir)/po $< $@'
INTLTOOL_SHEET_RULE='%.sheet:     %.sheet.in     $(INTLTOOL_MERGE) $(wildcard $(top_srcdir)/po/*.po) ; $(INTLTOOL_V_MERGE)LC_ALL=C $(INTLTOOL_MERGE) $(INTLTOOL_V_MERGE_OPTIONS) -x -u -c $(top_builddir)/po/.intltool-merge-cache $(top_srcdir)/po $< $@'
INTLTOOL_SOUNDLIST_RULE='%.soundlist: %.soundlist.in $(INTLTOOL_MERGE) $(wildcard $(top_srcdir)/po/*.po) ; $(INTLTOOL_V_MERGE)LC_ALL=C $(INTLTOOL_MERGE) $(INTLTOOL_V_MERGE_OPTIONS) -d -u -c $(top_builddir)/po/.intltool-merge-cache $(top_srcdir)/po $< $@'
INTLTOOL_THEME_RULE='%.theme:     %.theme.in     $(INTLTOOL_MERGE) $(wildcard $(top_srcdir)/po/*.po) ; $(INTLTOOL_V_MERGE)LC_ALL=C $(INTLTOOL_MERGE) $(INTLTOOL_V_MERGE_OPTIONS) -d -u -c $(top_builddir)/po/.intltool-merge-cache $(top_srcdir)/po $< $@'
INTLTOOL_UI_RULE='%.ui:        %.ui.in        $(INTLTOOL_MERGE) $(wildcard $(top_srcdir)/po/*.po) ; $(INTLTOOL_V_MERGE)LC_ALL=C $(INTLTOOL_MERGE) $(INTLTOOL_V_MERGE_OPTIONS) -x -u -c $(top_builddir)/po/.intltool-merge-cache $(top_srcdir)/po $< $@'
INTLTOOL_UPDATE='/usr/bin/intltool-update'
INTLTOOL_V_MERGE='$(INTLTOOL__v_MERGE_$(V))'
INTLTOOL_V_MERGE_OPTIONS='$(intltool__v_merge_options_$(V))'
INTLTOOL_XAM_RULE='%.xam:       %.xml.in       $(INTLTOOL_MERGE) $(wildcard $(top_srcdir)/po/*.po) ; $(INTLTOOL_V_MERGE)LC_ALL=C $(INTLTOOL_MERGE) $(INTLTOOL_V_MERGE_OPTIONS) -x -u -c $(top_builddir)/po/.intltool-merge-cache $(top_srcdir)/po $< $@'
INTLTOOL_XML_NOMERGE_RULE='%.xml:       %.xml.in       $(INTLTOOL_MERGE) ; $(INTLTOOL_V_MERGE)LC_ALL=C $(INTLTOOL_MERGE) $(INTLTOOL_V_MERGE_OPTIONS) -x -u --no-translations $< $@'
INTLTOOL_XML_RULE='%.xml:       %.xml.in       $(INTLTOOL_MERGE) $(wildcard $(top_srcdir)/po/*.po) ; $(INTLTOOL_V_MERGE)LC_ALL=C $(INTLTOOL_MERGE) $(INTLTOOL_V_MERGE_OPTIONS) -x -u -c $(top_builddir)/po/.intltool-merge-cache $(top_srcdir)/po $< $@'
INTLTOOL__v_MERGE_0='@echo "  ITMRG " $@;'
INTLTOOL__v_MERGE_='$(INTLTOOL__v_MERGE_$(AM_DEFAULT_VERBOSITY))'
INTL_MACOSX_LIBS=''
LD='/usr/x86_64-pc-linux-gnu/bin/ld -m elf_x86_64'
LDFLAGS=''
LIBDIR='${exec_prefix}/lib'
LIBOBJS=''
LIBRSVG_NAME='librsvg2'
LIBS=''
LIBTOOL='$(SHELL) $(top_builddir)/libtool'
LIPO=''
LN_S='ln -s'
LTLIBOBJS=''
LT_SYS_LIBRARY_PATH=''
MAINT='#'
MAINTAINER_MODE_FALSE=''
MAINTAINER_MODE_TRUE='#'
MAKEINFO='${SHELL} /home/GIT/xffm/rodent/apps/fgr/missing makeinfo'
MANIFEST_TOOL=':'
MKDIR_P='/bin/mkdir -p'
MKINSTALLDIRS='./mkinstalldirs'
MSGFMT='/usr/bin/msgfmt'
MSGFMT_OPTS='-c'
MSGMERGE='/usr/bin/msgmerge'
NM='/usr/bin/nm -B'
NMEDIT=''
OBJDUMP='objdump'
OBJEXT='o'
OTOOL64=''
OTOOL=''
PACKAGE='fgr'
PACKAGE_BUGREPORT='https://sourceforge.net/p/xffm/bugs/'
PACKAGE_COPYRIGHT=''
PACKAGE_NAME='fgr'
PACKAGE_STRING='fgr 5.2.5'
PACKAGE_TARNAME='fgr'
PACKAGE_URL='"http://xffm.org/fgr.html"'
PACKAGE_VERSION='5.2.5'
PATH_SEPARATOR=':'
PKG_CONF_DIR='${exec_prefix}/lib/pkgconfig'
POFILES=' af.po ar.po as.po ast.po az.po be.po bg.po bn.po br.po bs.po ca.po crh.po csb.po cs.po cy.po da.po de.po dz.po el.po en_CA.po en_GB.po eo.po es.po et.po eu.po fa.po fi.po fr.po fy.po ga.po gl.po gu.po he.po hi.po hne.po hr.po hsb.po hu.po hy.po ia.po id.po is.po it.po ja.po ka.po km.po kn.po ko.po ku.po lt.po lv.po mai.po mk.po ml.po mr.po ms.po nb.po nds.po ne.po nl.po nn.po oc.po or.po pa.po pl.po ps.po pt_BR.po pt.po ro.po ru.po si.po sk.po sl.po sq.po sr.po sv.po ta.po te.po tg.po th.po tr.po ug.po uk.po uz.po vi.po wa.po xh.po zh_CN.po zh_HK.po zh.po zh_TW.Big5.po zh_TW.po'
POSUB='po'
PO_IN_DATADIR_FALSE=''
PO_IN_DATADIR_TRUE=''
RANLIB='ranlib'
RPM_COMMENT='# RPM spec file for SUSE OpenSUSE created by configure script.'
RPM_FDUPES_REQUIRES='BuildRequires: fdupes'
RPM_GROUP='System/GUI/Other'
RPM_LICENSE='GPL-3.0'
RPM_UDF_REQUIRES='BuildRequires: update-desktop-files'
SED='/bin/sed'
SET_MAKE=''
SHELL='/bin/sh'
STRIP='strip'
SUMMARY='Command line search tool'
SUSE_RPM='no'
UNAME_S='Linux'
USE_NLS='yes'
VERSION='5.2.5'
WANT_DEBIAN_FALSE=''
WANT_DEBIAN_TRUE='#'
WANT_FREEBSD_FALSE=''
WANT_FREEBSD_TRUE='#'
WANT_GENTOO_FALSE='#'
WANT_GENTOO_TRUE=''
WITH_CORE='no'
WITH_DEBUG='no'
WITH_TRACE='no'
XGETTEXT='/usr/bin/xgettext'
XGETTEXT_ARGS='--keyword=Q_'
ac_ct_AR='ar'
ac_ct_CC='gcc'
ac_ct_DUMPBIN=''
am__EXEEXT_FALSE=''
am__EXEEXT_TRUE='#'
am__fastdepCC_FALSE='#'
am__fastdepCC_TRUE=''
am__include='include'
am__isrc=''
am__leading_dot='.'
am__nodep='_no'
am__quote=''
am__tar='$${TAR-tar} chof - "$$tardir"'
am__untar='$${TAR-tar} xf -'
bindir='${exec_prefix}/bin'
build='x86_64-unknown-linux-gnu'
build_alias=''
build_cpu='x86_64'
build_os='linux-gnu'
build_vendor='unknown'
cv_dpkg='no'
cv_emerge='yes'
datadir='${datarootdir}'
datarootdir='${prefix}/share'
docdir='${datarootdir}/doc/${PACKAGE_TARNAME}'
dvidir='${docdir}'
exec_prefix='${prefix}'
host='x86_64-unknown-linux-gnu'
host_alias=''
host_cpu='x86_64'
host_os='linux-gnu'
host_vendor='unknown'
htmldir='${docdir}'
includedir='${prefix}/include'
infodir='${datarootdir}/info'
install_sh='${SHELL} /home/GIT/xffm/rodent/apps/fgr/install-sh'
intltool__v_merge_options_0='-q'
intltool__v_merge_options_='$(intltool__v_merge_options_$(AM_DEFAULT_VERBOSITY))'
libdir='${exec_prefix}/lib'
libexecdir='${exec_prefix}/libexec'
localedir='${datarootdir}/locale'
localstatedir='${prefix}/var'
mandir='${datarootdir}/man'
mkdir_p='$(MKDIR_P)'
oldincludedir='/usr/include'
pdfdir='${docdir}'
prefix='/usr/local'
program_transform_name='s,x,x,'
psdir='${docdir}'
sbindir='${exec_prefix}/sbin'
sharedstatedir='${prefix}/com'
sysconfdir='${prefix}/etc'
target_alias=''

## ----------- ##
## confdefs.h. ##
## ----------- ##

/* confdefs.h */
#define PACKAGE_NAME "fgr"
#define PACKAGE_TARNAME "fgr"
#define PACKAGE_VERSION "5.2.5"
#define PACKAGE_STRING "fgr 5.2.5"
#define PACKAGE_BUGREPORT "https://sourceforge.net/p/xffm/bugs/"
#define PACKAGE_URL ""http://xffm.org/fgr.html""
#define STDC_HEADERS 1
#define HAVE_SYS_TYPES_H 1
#define HAVE_SYS_STAT_H 1
#define HAVE_STDLIB_H 1
#define HAVE_STRING_H 1
#define HAVE_MEMORY_H 1
#define HAVE_STRINGS_H 1
#define HAVE_INTTYPES_H 1
#define HAVE_STDINT_H 1
#define HAVE_UNISTD_H 1
#define HAVE_DLFCN_H 1
#define LT_OBJDIR ".libs/"
#define THIS_IS_LINUX 1
#define PACKAGE "fgr"
#define VERSION "5.2.5"
#define STDC_HEADERS 1
#define HAVE_STDIO_H 1
#define HAVE_STDLIB_H 1
#define HAVE_UNISTD_H 1
#define HAVE_STRING_H 1
#define HAVE_STDARG_H 1
#define HAVE_GLOB_H 1
#define HAVE_SYS_TYPES_H 1
#define HAVE_SYS_STAT_H 1
#define HAVE_SYS_WAIT_H 1
#define HAVE_SYS_SIGNAL_H 1
#define HAVE_TIME_H 1
#define HAVE_ERRNO_H 1
#define GETTEXT_PACKAGE "fgr"
#define HAVE_LOCALE_H 1
#define HAVE_LC_MESSAGES 1
#define HAVE_BIND_TEXTDOMAIN_CODESET 1
#define HAVE_GETTEXT 1
#define HAVE_DCGETTEXT 1
#define ENABLE_NLS 1
#define HAVE_LONG_DOUBLE_WIDER 1
#define HAVE_LONG_DOUBLE 1
#define HAVE_SIGNAL 1
#define HAVE_SIGACTION 1
#define HAVE_GNU_GREP 1

configure: exit 0
